Using pre-set license
Built from '2022.3/china_unity/release' branch; Version is '2022.3.34f1c1 (1e17368ca73f) revision 1972022'; Using compiler version '192829333'; Build Type 'Release'
OS: 'Windows 11  (10.0.26100) 64bit CoreCountrySpecific' Language: 'zh' Physical Memory: 32560 MB
BatchMode: 1, IsHumanControllingUs: 0, StartBugReporterOnCrash: 0, Is64bit: 1, IsPro: 1

COMMAND LINE ARGUMENTS:
D:\unity\2022.3.34f1c1\Editor\Unity.exe
-adb2
-batchMode
-noUpm
-name
AssetImportWorker1
-projectPath
D:/Tool/xiang/弹壳特攻队
-logFile
Logs/AssetImportWorker1.log
-srvPort
58843
Successfully changed project path to: D:/Tool/xiang/弹壳特攻队
D:/Tool/xiang/弹壳特攻队
[UnityMemory] Configuration Parameters - Can be set up in boot.config
    "memorysetup-bucket-allocator-granularity=16"
    "memorysetup-bucket-allocator-bucket-count=8"
    "memorysetup-bucket-allocator-block-size=33554432"
    "memorysetup-bucket-allocator-block-count=8"
    "memorysetup-main-allocator-block-size=16777216"
    "memorysetup-thread-allocator-block-size=16777216"
    "memorysetup-gfx-main-allocator-block-size=16777216"
    "memorysetup-gfx-thread-allocator-block-size=16777216"
    "memorysetup-cache-allocator-block-size=4194304"
    "memorysetup-typetree-allocator-block-size=2097152"
    "memorysetup-profiler-bucket-allocator-granularity=16"
    "memorysetup-profiler-bucket-allocator-bucket-count=8"
    "memorysetup-profiler-bucket-allocator-block-size=33554432"
    "memorysetup-profiler-bucket-allocator-block-count=8"
    "memorysetup-profiler-allocator-block-size=16777216"
    "memorysetup-profiler-editor-allocator-block-size=1048576"
    "memorysetup-temp-allocator-size-main=16777216"
    "memorysetup-job-temp-allocator-block-size=2097152"
    "memorysetup-job-temp-allocator-block-size-background=1048576"
    "memorysetup-job-temp-allocator-reduction-small-platforms=262144"
    "memorysetup-allocator-temp-initial-block-size-main=262144"
    "memorysetup-allocator-temp-initial-block-size-worker=262144"
    "memorysetup-temp-allocator-size-background-worker=32768"
    "memorysetup-temp-allocator-size-job-worker=262144"
    "memorysetup-temp-allocator-size-preload-manager=33554432"
    "memorysetup-temp-allocator-size-nav-mesh-worker=65536"
    "memorysetup-temp-allocator-size-audio-worker=65536"
    "memorysetup-temp-allocator-size-cloud-worker=32768"
    "memorysetup-temp-allocator-size-gi-baking-worker=262144"
    "memorysetup-temp-allocator-size-gfx=262144"
Player connection [37432] Host "[IP] 192.168.3.28 [Port] 0 [Flags] 2 [Guid] 2083479750 [EditorId] 2083479750 [Version] 1048832 [Id] WindowsEditor(7,DESKTOP-467RVN8) [Debug] 1 [PackageName] WindowsEditor [ProjectName] Editor" joined multi-casting on [225.0.0.222:54997]...

Player connection [37432] Host "[IP] 192.168.3.28 [Port] 0 [Flags] 2 [Guid] 2083479750 [EditorId] 2083479750 [Version] 1048832 [Id] WindowsEditor(7,DESKTOP-467RVN8) [Debug] 1 [PackageName] WindowsEditor [ProjectName] Editor" joined alternative multi-casting on [225.0.0.222:34997]...

[PhysX] Initialized MultithreadedTaskDispatcher with 20 workers.
Refreshing native plugins compatible for Editor in 23.13 ms, found 4 plugins.
Preloading 0 native plugins for Editor in 0.00 ms.
Initialize engine version: 2022.3.34f1c1 (1e17368ca73f)
[Subsystems] Discovering subsystems at path D:/unity/2022.3.34f1c1/Editor/Data/Resources/UnitySubsystems
[Subsystems] Discovering subsystems at path D:/Tool/xiang/弹壳特攻队/Assets
GfxDevice: creating device client; threaded=0; jobified=0
Direct3D:
    Version:  Direct3D 11.0 [level 11.1]
    Renderer: NVIDIA GeForce RTX 3060 Laptop GPU (ID=0x2560)
    Vendor:   NVIDIA
    VRAM:     6010 MB
    Driver:   31.0.15.4630
Initialize mono
Mono path[0] = 'D:/unity/2022.3.34f1c1/Editor/Data/Managed'
Mono path[1] = 'D:/unity/2022.3.34f1c1/Editor/Data/MonoBleedingEdge/lib/mono/unityjit-win32'
Mono config path = 'D:/unity/2022.3.34f1c1/Editor/Data/MonoBleedingEdge/etc'
Using monoOptions --debugger-agent=transport=dt_socket,embedding=1,server=y,suspend=n,address=127.0.0.1:56004
Begin MonoManager ReloadAssembly
Registering precompiled unity dll's ...
Register platform support module: D:/unity/2022.3.34f1c1/Editor/Data/PlaybackEngines/WebGLSupport/UnityEditor.WebGL.Extensions.dll
Register platform support module: D:/unity/2022.3.34f1c1/Editor/Data/PlaybackEngines/AndroidPlayer/UnityEditor.Android.Extensions.dll
Register platform support module: D:/unity/2022.3.34f1c1/Editor/Data/PlaybackEngines/WindowsStandaloneSupport/UnityEditor.WindowsStandalone.Extensions.dll
Registered in 0.014755 seconds.
- Loaded All Assemblies, in  0.450 seconds
Native extension for WindowsStandalone target not found
Native extension for Android target not found
Android Extension - Scanning For ADB Devices 326 ms
Native extension for WebGL target not found
Mono: successfully reloaded assembly
- Finished resetting the current domain, in  0.695 seconds
Domain Reload Profiling: 1136ms
	BeginReloadAssembly (154ms)
		ExecutionOrderSort (0ms)
		DisableScriptedObjects (0ms)
		BackupInstance (0ms)
		ReleaseScriptingObjects (0ms)
		CreateAndSetChildDomain (1ms)
	RebuildCommonClasses (38ms)
	RebuildNativeTypeToScriptingClass (12ms)
	initialDomainReloadingComplete (81ms)
	LoadAllAssembliesAndSetupDomain (156ms)
		LoadAssemblies (149ms)
		RebuildTransferFunctionScriptingTraits (0ms)
		AnalyzeDomain (153ms)
			TypeCache.Refresh (152ms)
				TypeCache.ScanAssembly (137ms)
			ScanForSourceGeneratedMonoScriptInfo (0ms)
			ResolveRequiredComponents (1ms)
	FinalizeReload (695ms)
		ReleaseScriptCaches (0ms)
		RebuildScriptCaches (0ms)
		SetupLoadedEditorAssemblies (637ms)
			LogAssemblyErrors (0ms)
			InitializePlatformSupportModulesInManaged (444ms)
			SetLoadedEditorAssemblies (4ms)
			RefreshPlugins (0ms)
			BeforeProcessingInitializeOnLoad (2ms)
			ProcessInitializeOnLoadAttributes (135ms)
			ProcessInitializeOnLoadMethodAttributes (50ms)
			AfterProcessingInitializeOnLoad (0ms)
			EditorAssembliesLoaded (0ms)
		ExecutionOrderSort2 (0ms)
		AwakeInstancesAfterBackupRestoration (0ms)
========================================================================
Worker process is ready to serve import requests
Begin MonoManager ReloadAssembly
- Loaded All Assemblies, in  0.852 seconds
Refreshing native plugins compatible for Editor in 11.31 ms, found 4 plugins.
Native extension for WindowsStandalone target not found
Native extension for Android target not found
Native extension for WebGL target not found
Mono: successfully reloaded assembly
- Finished resetting the current domain, in  0.768 seconds
Domain Reload Profiling: 1605ms
	BeginReloadAssembly (203ms)
		ExecutionOrderSort (0ms)
		DisableScriptedObjects (4ms)
		BackupInstance (0ms)
		ReleaseScriptingObjects (0ms)
		CreateAndSetChildDomain (19ms)
	RebuildCommonClasses (36ms)
	RebuildNativeTypeToScriptingClass (11ms)
	initialDomainReloadingComplete (70ms)
	LoadAllAssembliesAndSetupDomain (517ms)
		LoadAssemblies (485ms)
		RebuildTransferFunctionScriptingTraits (0ms)
		AnalyzeDomain (179ms)
			TypeCache.Refresh (151ms)
				TypeCache.ScanAssembly (134ms)
			ScanForSourceGeneratedMonoScriptInfo (20ms)
			ResolveRequiredComponents (6ms)
	FinalizeReload (769ms)
		ReleaseScriptCaches (0ms)
		RebuildScriptCaches (0ms)
		SetupLoadedEditorAssemblies (601ms)
			LogAssemblyErrors (0ms)
			InitializePlatformSupportModulesInManaged (31ms)
			SetLoadedEditorAssemblies (5ms)
			RefreshPlugins (0ms)
			BeforeProcessingInitializeOnLoad (118ms)
			ProcessInitializeOnLoadAttributes (394ms)
			ProcessInitializeOnLoadMethodAttributes (39ms)
			AfterProcessingInitializeOnLoad (14ms)
			EditorAssembliesLoaded (0ms)
		ExecutionOrderSort2 (0ms)
		AwakeInstancesAfterBackupRestoration (8ms)
Launched and connected shader compiler UnityShaderCompiler.exe after 0.05 seconds
Refreshing native plugins compatible for Editor in 32.16 ms, found 4 plugins.
Preloading 0 native plugins for Editor in 0.00 ms.
Unloading 4130 Unused Serialized files (Serialized files now loaded: 0)
Unloading 66 unused Assets / (62.4 KB). Loaded Objects now: 4593.
Memory consumption went from 153.1 MB to 153.0 MB.
Total: 5.934900 ms (FindLiveObjects: 0.349700 ms CreateObjectMapping: 0.269100 ms MarkObjects: 5.088100 ms  DeleteObjects: 0.226100 ms)

AssetImportParameters requested are different than current active one (requested -> active):
  custom:container-demuxer-ogg: 62fdf1f143b41e24485cea50d1cbac27 -> 
  custom:video-codec-MediaFoundation-h265: 746d11721c4dcdbdad8f713fa42b33f4 -> 
  custom:video-decoder-ogg-theora: a1e56fd34408186e4bbccfd4996cb3dc -> 
  custom:framework-win-MediaFoundation: 216162199b28c13a410421893ffa2e32 -> 
  custom:CustomObjectIndexerAttribute: 9a22284fe3817be447336de3de66b15e -> 
  custom:container-demuxer-webm: 4f35f7cbe854078d1ac9338744f61a02 -> 
  custom:container-muxer-webm: aa71ff27fc2769a1b78a27578f13a17b -> 
  custom:video-decoder-webm-vp8: 9c59270c3fd7afecdb556c50c9e8de78 -> 
  custom:SearchIndexIgnoredProperties: e643bd26f0fe6173181afceb89e7c659 -> 
  custom:AudioImporter_EditorPlatform: d09bf68614088b80899f8185d706f6e7 -> 
  custom:video-encoder-webm-vp8: eb34c28f22e8b96e1ab97ce403110664 -> 
  custom:audio-decoder-ogg-vorbis: bf7c407c2cedff20999df2af8eb42d56 -> 
  custom:audio-encoder-webm-vorbis: bf7c407c2cedff20999df2af8eb42d56 -> 
========================================================================
Received Import Request.
  Time since last request: 32565.850253 seconds.
  path: Assets/蛋壳素材/界面UI/装备系统ui/Crosshair_Shotgun.png
  artifactKey: Guid(d4b26f12af6ba734e8f46e95bff9865f) Importer(815301076,1909f56bfc062723c751e8b465ee728b)
Start importing Assets/蛋壳素材/界面UI/装备系统ui/Crosshair_Shotgun.png using Guid(d4b26f12af6ba734e8f46e95bff9865f) Importer(815301076,1909f56bfc062723c751e8b465ee728b) [PhysX] Initialized MultithreadedTaskDispatcher with 20 workers.
[PhysX] Initialized MultithreadedTaskDispatcher with 20 workers.
 -> (artifact id: 'beaeaa2399ce3c702db4f685c94b13d0') in 0.070023 seconds
Number of updated asset objects reloaded before import = 0
Number of asset objects unloaded after import = 3
========================================================================
Received Import Request.
  Time since last request: 14.635256 seconds.
  path: Assets/蛋壳素材/界面UI/主体和交互ui/5.png
  artifactKey: Guid(b0a6298146b5acd429b7905d189a2343) Importer(815301076,1909f56bfc062723c751e8b465ee728b)
Start importing Assets/蛋壳素材/界面UI/主体和交互ui/5.png using Guid(b0a6298146b5acd429b7905d189a2343) Importer(815301076,1909f56bfc062723c751e8b465ee728b) [PhysX] Initialized MultithreadedTaskDispatcher with 20 workers.
[PhysX] Initialized MultithreadedTaskDispatcher with 20 workers.
 -> (artifact id: 'd6b9e16acdfc201f16d9668bcc68a07b') in 0.013067 seconds
Number of updated asset objects reloaded before import = 0
Number of asset objects unloaded after import = 3
========================================================================
Received Import Request.
  Time since last request: 0.000015 seconds.
  path: Assets/蛋壳素材/界面UI/主体和交互ui/Color Fill 3.png
  artifactKey: Guid(cd9387372cfc50d4c9ff13bb6da2d055) Importer(815301076,1909f56bfc062723c751e8b465ee728b)
Start importing Assets/蛋壳素材/界面UI/主体和交互ui/Color Fill 3.png using Guid(cd9387372cfc50d4c9ff13bb6da2d055) Importer(815301076,1909f56bfc062723c751e8b465ee728b) [PhysX] Initialized MultithreadedTaskDispatcher with 20 workers.
[PhysX] Initialized MultithreadedTaskDispatcher with 20 workers.
 -> (artifact id: '652706ab3bc0190d815c313eb89a1ea5') in 0.009083 seconds
Number of updated asset objects reloaded before import = 0
Number of asset objects unloaded after import = 3
========================================================================
Received Import Request.
  Time since last request: 0.000018 seconds.
  path: Assets/蛋壳素材/界面UI/主体和交互ui/Color Fill 4.png
  artifactKey: Guid(c592c0751140fbc4f81d7d595c460afe) Importer(815301076,1909f56bfc062723c751e8b465ee728b)
Start importing Assets/蛋壳素材/界面UI/主体和交互ui/Color Fill 4.png using Guid(c592c0751140fbc4f81d7d595c460afe) Importer(815301076,1909f56bfc062723c751e8b465ee728b) [PhysX] Initialized MultithreadedTaskDispatcher with 20 workers.
[PhysX] Initialized MultithreadedTaskDispatcher with 20 workers.
 -> (artifact id: '993da16798bf3806463b1bcab451dc08') in 0.014043 seconds
Number of updated asset objects reloaded before import = 0
Number of asset objects unloaded after import = 3
========================================================================
Received Import Request.
  Time since last request: 0.000018 seconds.
  path: Assets/蛋壳素材/界面UI/主体和交互ui/8.png
  artifactKey: Guid(0f71b407fca62d342a99a2bb27468032) Importer(815301076,1909f56bfc062723c751e8b465ee728b)
Start importing Assets/蛋壳素材/界面UI/主体和交互ui/8.png using Guid(0f71b407fca62d342a99a2bb27468032) Importer(815301076,1909f56bfc062723c751e8b465ee728b) [PhysX] Initialized MultithreadedTaskDispatcher with 20 workers.
[PhysX] Initialized MultithreadedTaskDispatcher with 20 workers.
 -> (artifact id: 'e3d2ca38efcccafbe909418a83dde4b4') in 0.018126 seconds
Number of updated asset objects reloaded before import = 0
Number of asset objects unloaded after import = 3
========================================================================
Received Import Request.
  Time since last request: 0.000020 seconds.
  path: Assets/蛋壳素材/界面UI/主体和交互ui/Locked.png
  artifactKey: Guid(50533b245e88dbc4e804c997d5f77258) Importer(815301076,1909f56bfc062723c751e8b465ee728b)
Start importing Assets/蛋壳素材/界面UI/主体和交互ui/Locked.png using Guid(50533b245e88dbc4e804c997d5f77258) Importer(815301076,1909f56bfc062723c751e8b465ee728b) [PhysX] Initialized MultithreadedTaskDispatcher with 20 workers.
[PhysX] Initialized MultithreadedTaskDispatcher with 20 workers.
 -> (artifact id: '1364a7cf4ebdaaca449a472d1c76972e') in 0.008760 seconds
Number of updated asset objects reloaded before import = 0
Number of asset objects unloaded after import = 3
========================================================================
Received Import Request.
  Time since last request: 0.000028 seconds.
  path: Assets/蛋壳素材/界面UI/主体和交互ui/Color Fill 2.png
  artifactKey: Guid(fe10984d93d658b4abc71fd2ae2fd859) Importer(815301076,1909f56bfc062723c751e8b465ee728b)
Start importing Assets/蛋壳素材/界面UI/主体和交互ui/Color Fill 2.png using Guid(fe10984d93d658b4abc71fd2ae2fd859) Importer(815301076,1909f56bfc062723c751e8b465ee728b) [PhysX] Initialized MultithreadedTaskDispatcher with 20 workers.
[PhysX] Initialized MultithreadedTaskDispatcher with 20 workers.
 -> (artifact id: '7fe4af4b150fbda7f2af1de83bf6c38b') in 0.011440 seconds
Number of updated asset objects reloaded before import = 0
Number of asset objects unloaded after import = 3
========================================================================
Received Import Request.
  Time since last request: 0.790987 seconds.
  path: Assets/蛋壳素材/界面UI/关卡图标/Layer 1.png
  artifactKey: Guid(391d9be912a6f6e4986a0f84aabc5eab) Importer(815301076,1909f56bfc062723c751e8b465ee728b)
Start importing Assets/蛋壳素材/界面UI/关卡图标/Layer 1.png using Guid(391d9be912a6f6e4986a0f84aabc5eab) Importer(815301076,1909f56bfc062723c751e8b465ee728b) [PhysX] Initialized MultithreadedTaskDispatcher with 20 workers.
[PhysX] Initialized MultithreadedTaskDispatcher with 20 workers.
 -> (artifact id: '1907bfcc0298365e2e433904f91bd051') in 0.009202 seconds
Number of updated asset objects reloaded before import = 0
Number of asset objects unloaded after import = 3
========================================================================
Received Import Request.
  Time since last request: 0.000019 seconds.
  path: Assets/蛋壳素材/界面UI/关卡图标/Mission_010.png
  artifactKey: Guid(682494680acc7c4418f663eb439addb6) Importer(815301076,1909f56bfc062723c751e8b465ee728b)
Start importing Assets/蛋壳素材/界面UI/关卡图标/Mission_010.png using Guid(682494680acc7c4418f663eb439addb6) Importer(815301076,1909f56bfc062723c751e8b465ee728b) [PhysX] Initialized MultithreadedTaskDispatcher with 20 workers.
[PhysX] Initialized MultithreadedTaskDispatcher with 20 workers.
 -> (artifact id: '5cc81eca9aa70cf64ab9dbd3ff664b6a') in 0.009126 seconds
Number of updated asset objects reloaded before import = 0
Number of asset objects unloaded after import = 3
========================================================================
Received Import Request.
  Time since last request: 0.000015 seconds.
  path: Assets/蛋壳素材/界面UI/关卡图标/Mission_015.png
  artifactKey: Guid(274fd5823cf193545866791241877723) Importer(815301076,1909f56bfc062723c751e8b465ee728b)
Start importing Assets/蛋壳素材/界面UI/关卡图标/Mission_015.png using Guid(274fd5823cf193545866791241877723) Importer(815301076,1909f56bfc062723c751e8b465ee728b) [PhysX] Initialized MultithreadedTaskDispatcher with 20 workers.
[PhysX] Initialized MultithreadedTaskDispatcher with 20 workers.
 -> (artifact id: '3539ee654ad08c46e7116da115f6085f') in 0.008061 seconds
Number of updated asset objects reloaded before import = 0
Number of asset objects unloaded after import = 3
========================================================================
Received Import Request.
  Time since last request: 0.000017 seconds.
  path: Assets/蛋壳素材/界面UI/关卡图标/Mission_035.png
  artifactKey: Guid(6a6906eb65908c545856095d60846e04) Importer(815301076,1909f56bfc062723c751e8b465ee728b)
Start importing Assets/蛋壳素材/界面UI/关卡图标/Mission_035.png using Guid(6a6906eb65908c545856095d60846e04) Importer(815301076,1909f56bfc062723c751e8b465ee728b) [PhysX] Initialized MultithreadedTaskDispatcher with 20 workers.
[PhysX] Initialized MultithreadedTaskDispatcher with 20 workers.
 -> (artifact id: 'b771e2af740a07c9a0951cb8845c60d7') in 0.009557 seconds
Number of updated asset objects reloaded before import = 0
Number of asset objects unloaded after import = 3
========================================================================
Received Import Request.
  Time since last request: 0.000025 seconds.
  path: Assets/蛋壳素材/界面UI/关卡图标/Mission_002.png
  artifactKey: Guid(0b9b258be0491054a991a002e5368e05) Importer(815301076,1909f56bfc062723c751e8b465ee728b)
Start importing Assets/蛋壳素材/界面UI/关卡图标/Mission_002.png using Guid(0b9b258be0491054a991a002e5368e05) Importer(815301076,1909f56bfc062723c751e8b465ee728b) [PhysX] Initialized MultithreadedTaskDispatcher with 20 workers.
[PhysX] Initialized MultithreadedTaskDispatcher with 20 workers.
 -> (artifact id: 'abab10dc2c13ef71e46328aa5d9ae1a8') in 0.009590 seconds
Number of updated asset objects reloaded before import = 0
Number of asset objects unloaded after import = 3
========================================================================
Received Import Request.
  Time since last request: 0.000020 seconds.
  path: Assets/蛋壳素材/界面UI/关卡图标/Mission_006.png
  artifactKey: Guid(08eba4aa7c95e7045b336dde49aa8043) Importer(815301076,1909f56bfc062723c751e8b465ee728b)
Start importing Assets/蛋壳素材/界面UI/关卡图标/Mission_006.png using Guid(08eba4aa7c95e7045b336dde49aa8043) Importer(815301076,1909f56bfc062723c751e8b465ee728b) [PhysX] Initialized MultithreadedTaskDispatcher with 20 workers.
[PhysX] Initialized MultithreadedTaskDispatcher with 20 workers.
 -> (artifact id: '78087e546ade47b6f5a4460e1dfbe176') in 0.011578 seconds
Number of updated asset objects reloaded before import = 0
Number of asset objects unloaded after import = 3
========================================================================
Received Import Request.
  Time since last request: 0.000018 seconds.
  path: Assets/蛋壳素材/界面UI/关卡图标/Mission_040.png
  artifactKey: Guid(f552df103dc0cbc408bae9af49d2f78b) Importer(815301076,1909f56bfc062723c751e8b465ee728b)
Start importing Assets/蛋壳素材/界面UI/关卡图标/Mission_040.png using Guid(f552df103dc0cbc408bae9af49d2f78b) Importer(815301076,1909f56bfc062723c751e8b465ee728b) [PhysX] Initialized MultithreadedTaskDispatcher with 20 workers.
[PhysX] Initialized MultithreadedTaskDispatcher with 20 workers.
 -> (artifact id: '879451c408332ef8cbb87e0cfccd4e71') in 0.008643 seconds
Number of updated asset objects reloaded before import = 0
Number of asset objects unloaded after import = 3
========================================================================
Received Import Request.
  Time since last request: 0.000018 seconds.
  path: Assets/蛋壳素材/界面UI/关卡图标/Mission_016.png
  artifactKey: Guid(02f3eb118e113104684315bc018e2cc3) Importer(815301076,1909f56bfc062723c751e8b465ee728b)
Start importing Assets/蛋壳素材/界面UI/关卡图标/Mission_016.png using Guid(02f3eb118e113104684315bc018e2cc3) Importer(815301076,1909f56bfc062723c751e8b465ee728b) [PhysX] Initialized MultithreadedTaskDispatcher with 20 workers.
[PhysX] Initialized MultithreadedTaskDispatcher with 20 workers.
 -> (artifact id: '4ac896208f13cc4991728851e82decbb') in 0.011772 seconds
Number of updated asset objects reloaded before import = 0
Number of asset objects unloaded after import = 3
========================================================================
Received Import Request.
  Time since last request: 0.000022 seconds.
  path: Assets/蛋壳素材/界面UI/关卡图标/Mission_036.png
  artifactKey: Guid(24a1d0371964cc945888fec7a11e0ff9) Importer(815301076,1909f56bfc062723c751e8b465ee728b)
Start importing Assets/蛋壳素材/界面UI/关卡图标/Mission_036.png using Guid(24a1d0371964cc945888fec7a11e0ff9) Importer(815301076,1909f56bfc062723c751e8b465ee728b) [PhysX] Initialized MultithreadedTaskDispatcher with 20 workers.
[PhysX] Initialized MultithreadedTaskDispatcher with 20 workers.
 -> (artifact id: 'c9a652830e6b12bb99eb4e0da1dda14c') in 0.011714 seconds
Number of updated asset objects reloaded before import = 0
Number of asset objects unloaded after import = 3
========================================================================
Received Import Request.
  Time since last request: 0.000018 seconds.
  path: Assets/蛋壳素材/界面UI/关卡图标/Mission_027.png
  artifactKey: Guid(1478724bc5ea7f5449b5e289504361f8) Importer(815301076,1909f56bfc062723c751e8b465ee728b)
Start importing Assets/蛋壳素材/界面UI/关卡图标/Mission_027.png using Guid(1478724bc5ea7f5449b5e289504361f8) Importer(815301076,1909f56bfc062723c751e8b465ee728b) [PhysX] Initialized MultithreadedTaskDispatcher with 20 workers.
[PhysX] Initialized MultithreadedTaskDispatcher with 20 workers.
 -> (artifact id: '141d78960103fd671d83a8a292e23713') in 0.009714 seconds
Number of updated asset objects reloaded before import = 0
Number of asset objects unloaded after import = 3
