Using pre-set license
Built from '2022.3/china_unity/release' branch; Version is '2022.3.34f1c1 (1e17368ca73f) revision 1972022'; Using compiler version '192829333'; Build Type 'Release'
OS: 'Windows 11  (10.0.26100) 64bit CoreCountrySpecific' Language: 'zh' Physical Memory: 32560 MB
BatchMode: 1, IsHumanControllingUs: 0, StartBugReporterOnCrash: 0, Is64bit: 1, IsPro: 1

COMMAND LINE ARGUMENTS:
D:\unity\2022.3.34f1c1\Editor\Unity.exe
-adb2
-batchMode
-noUpm
-name
AssetImportWorker4
-projectPath
D:/Tool/xiang/弹壳特攻队
-logFile
Logs/AssetImportWorker4.log
-srvPort
57459
Successfully changed project path to: D:/Tool/xiang/弹壳特攻队
D:/Tool/xiang/弹壳特攻队
[UnityMemory] Configuration Parameters - Can be set up in boot.config
    "memorysetup-bucket-allocator-granularity=16"
    "memorysetup-bucket-allocator-bucket-count=8"
    "memorysetup-bucket-allocator-block-size=33554432"
    "memorysetup-bucket-allocator-block-count=8"
    "memorysetup-main-allocator-block-size=16777216"
    "memorysetup-thread-allocator-block-size=16777216"
    "memorysetup-gfx-main-allocator-block-size=16777216"
    "memorysetup-gfx-thread-allocator-block-size=16777216"
    "memorysetup-cache-allocator-block-size=4194304"
    "memorysetup-typetree-allocator-block-size=2097152"
    "memorysetup-profiler-bucket-allocator-granularity=16"
    "memorysetup-profiler-bucket-allocator-bucket-count=8"
    "memorysetup-profiler-bucket-allocator-block-size=33554432"
    "memorysetup-profiler-bucket-allocator-block-count=8"
    "memorysetup-profiler-allocator-block-size=16777216"
    "memorysetup-profiler-editor-allocator-block-size=1048576"
    "memorysetup-temp-allocator-size-main=16777216"
    "memorysetup-job-temp-allocator-block-size=2097152"
    "memorysetup-job-temp-allocator-block-size-background=1048576"
    "memorysetup-job-temp-allocator-reduction-small-platforms=262144"
    "memorysetup-allocator-temp-initial-block-size-main=262144"
    "memorysetup-allocator-temp-initial-block-size-worker=262144"
    "memorysetup-temp-allocator-size-background-worker=32768"
    "memorysetup-temp-allocator-size-job-worker=262144"
    "memorysetup-temp-allocator-size-preload-manager=33554432"
    "memorysetup-temp-allocator-size-nav-mesh-worker=65536"
    "memorysetup-temp-allocator-size-audio-worker=65536"
    "memorysetup-temp-allocator-size-cloud-worker=32768"
    "memorysetup-temp-allocator-size-gi-baking-worker=262144"
    "memorysetup-temp-allocator-size-gfx=262144"
Player connection [33616] Host "[IP] 192.168.3.28 [Port] 0 [Flags] 2 [Guid] 283231450 [EditorId] 283231450 [Version] 1048832 [Id] WindowsEditor(7,DESKTOP-467RVN8) [Debug] 1 [PackageName] WindowsEditor [ProjectName] Editor" joined multi-casting on [225.0.0.222:54997]...

Player connection [33616] Host "[IP] 192.168.3.28 [Port] 0 [Flags] 2 [Guid] 283231450 [EditorId] 283231450 [Version] 1048832 [Id] WindowsEditor(7,DESKTOP-467RVN8) [Debug] 1 [PackageName] WindowsEditor [ProjectName] Editor" joined alternative multi-casting on [225.0.0.222:34997]...

[PhysX] Initialized MultithreadedTaskDispatcher with 20 workers.
Refreshing native plugins compatible for Editor in 24.62 ms, found 4 plugins.
Preloading 0 native plugins for Editor in 0.00 ms.
Initialize engine version: 2022.3.34f1c1 (1e17368ca73f)
[Subsystems] Discovering subsystems at path D:/unity/2022.3.34f1c1/Editor/Data/Resources/UnitySubsystems
[Subsystems] Discovering subsystems at path D:/Tool/xiang/弹壳特攻队/Assets
GfxDevice: creating device client; threaded=0; jobified=0
Direct3D:
    Version:  Direct3D 11.0 [level 11.1]
    Renderer: NVIDIA GeForce RTX 3060 Laptop GPU (ID=0x2560)
    Vendor:   NVIDIA
    VRAM:     6010 MB
    Driver:   31.0.15.4630
Initialize mono
Mono path[0] = 'D:/unity/2022.3.34f1c1/Editor/Data/Managed'
Mono path[1] = 'D:/unity/2022.3.34f1c1/Editor/Data/MonoBleedingEdge/lib/mono/unityjit-win32'
Mono config path = 'D:/unity/2022.3.34f1c1/Editor/Data/MonoBleedingEdge/etc'
Using monoOptions --debugger-agent=transport=dt_socket,embedding=1,server=y,suspend=n,address=127.0.0.1:56044
Begin MonoManager ReloadAssembly
Registering precompiled unity dll's ...
Register platform support module: D:/unity/2022.3.34f1c1/Editor/Data/PlaybackEngines/WebGLSupport/UnityEditor.WebGL.Extensions.dll
Register platform support module: D:/unity/2022.3.34f1c1/Editor/Data/PlaybackEngines/AndroidPlayer/UnityEditor.Android.Extensions.dll
Register platform support module: D:/unity/2022.3.34f1c1/Editor/Data/PlaybackEngines/WindowsStandaloneSupport/UnityEditor.WindowsStandalone.Extensions.dll
Registered in 0.009296 seconds.
- Loaded All Assemblies, in  0.313 seconds
Native extension for WindowsStandalone target not found
Native extension for Android target not found
Android Extension - Scanning For ADB Devices 237 ms
Native extension for WebGL target not found
Mono: successfully reloaded assembly
- Finished resetting the current domain, in  0.493 seconds
Domain Reload Profiling: 802ms
	BeginReloadAssembly (104ms)
		ExecutionOrderSort (0ms)
		DisableScriptedObjects (0ms)
		BackupInstance (0ms)
		ReleaseScriptingObjects (0ms)
		CreateAndSetChildDomain (1ms)
	RebuildCommonClasses (26ms)
	RebuildNativeTypeToScriptingClass (11ms)
	initialDomainReloadingComplete (54ms)
	LoadAllAssembliesAndSetupDomain (113ms)
		LoadAssemblies (99ms)
		RebuildTransferFunctionScriptingTraits (0ms)
		AnalyzeDomain (110ms)
			TypeCache.Refresh (109ms)
				TypeCache.ScanAssembly (98ms)
			ScanForSourceGeneratedMonoScriptInfo (0ms)
			ResolveRequiredComponents (0ms)
	FinalizeReload (494ms)
		ReleaseScriptCaches (0ms)
		RebuildScriptCaches (0ms)
		SetupLoadedEditorAssemblies (450ms)
			LogAssemblyErrors (0ms)
			InitializePlatformSupportModulesInManaged (326ms)
			SetLoadedEditorAssemblies (3ms)
			RefreshPlugins (0ms)
			BeforeProcessingInitializeOnLoad (2ms)
			ProcessInitializeOnLoadAttributes (84ms)
			ProcessInitializeOnLoadMethodAttributes (34ms)
			AfterProcessingInitializeOnLoad (0ms)
			EditorAssembliesLoaded (0ms)
		ExecutionOrderSort2 (0ms)
		AwakeInstancesAfterBackupRestoration (0ms)
========================================================================
Worker process is ready to serve import requests
Begin MonoManager ReloadAssembly
- Loaded All Assemblies, in  0.602 seconds
Refreshing native plugins compatible for Editor in 8.93 ms, found 4 plugins.
Native extension for WindowsStandalone target not found
Native extension for Android target not found
Native extension for WebGL target not found
Mono: successfully reloaded assembly
- Finished resetting the current domain, in  0.592 seconds
Domain Reload Profiling: 1184ms
	BeginReloadAssembly (125ms)
		ExecutionOrderSort (0ms)
		DisableScriptedObjects (4ms)
		BackupInstance (0ms)
		ReleaseScriptingObjects (0ms)
		CreateAndSetChildDomain (16ms)
	RebuildCommonClasses (30ms)
	RebuildNativeTypeToScriptingClass (7ms)
	initialDomainReloadingComplete (41ms)
	LoadAllAssembliesAndSetupDomain (389ms)
		LoadAssemblies (318ms)
		RebuildTransferFunctionScriptingTraits (0ms)
		AnalyzeDomain (147ms)
			TypeCache.Refresh (119ms)
				TypeCache.ScanAssembly (104ms)
			ScanForSourceGeneratedMonoScriptInfo (22ms)
			ResolveRequiredComponents (5ms)
	FinalizeReload (592ms)
		ReleaseScriptCaches (0ms)
		RebuildScriptCaches (0ms)
		SetupLoadedEditorAssemblies (463ms)
			LogAssemblyErrors (0ms)
			InitializePlatformSupportModulesInManaged (27ms)
			SetLoadedEditorAssemblies (4ms)
			RefreshPlugins (0ms)
			BeforeProcessingInitializeOnLoad (87ms)
			ProcessInitializeOnLoadAttributes (300ms)
			ProcessInitializeOnLoadMethodAttributes (29ms)
			AfterProcessingInitializeOnLoad (16ms)
			EditorAssembliesLoaded (0ms)
		ExecutionOrderSort2 (0ms)
		AwakeInstancesAfterBackupRestoration (6ms)
Launched and connected shader compiler UnityShaderCompiler.exe after 0.05 seconds
Refreshing native plugins compatible for Editor in 13.89 ms, found 4 plugins.
Preloading 0 native plugins for Editor in 0.00 ms.
Unloading 4130 Unused Serialized files (Serialized files now loaded: 0)
Unloading 66 unused Assets / (61.8 KB). Loaded Objects now: 4594.
Memory consumption went from 153.1 MB to 153.0 MB.
Total: 2.654500 ms (FindLiveObjects: 0.176900 ms CreateObjectMapping: 0.089900 ms MarkObjects: 2.291700 ms  DeleteObjects: 0.095000 ms)

AssetImportParameters requested are different than current active one (requested -> active):
  custom:container-demuxer-ogg: 62fdf1f143b41e24485cea50d1cbac27 -> 
  custom:video-codec-MediaFoundation-h265: 746d11721c4dcdbdad8f713fa42b33f4 -> 
  custom:video-decoder-ogg-theora: a1e56fd34408186e4bbccfd4996cb3dc -> 
  custom:framework-win-MediaFoundation: 216162199b28c13a410421893ffa2e32 -> 
  custom:CustomObjectIndexerAttribute: 9a22284fe3817be447336de3de66b15e -> 
  custom:container-demuxer-webm: 4f35f7cbe854078d1ac9338744f61a02 -> 
  custom:container-muxer-webm: aa71ff27fc2769a1b78a27578f13a17b -> 
  custom:video-decoder-webm-vp8: 9c59270c3fd7afecdb556c50c9e8de78 -> 
  custom:SearchIndexIgnoredProperties: e643bd26f0fe6173181afceb89e7c659 -> 
  custom:AudioImporter_EditorPlatform: d09bf68614088b80899f8185d706f6e7 -> 
  custom:video-encoder-webm-vp8: eb34c28f22e8b96e1ab97ce403110664 -> 
  custom:audio-decoder-ogg-vorbis: bf7c407c2cedff20999df2af8eb42d56 -> 
  custom:audio-encoder-webm-vorbis: bf7c407c2cedff20999df2af8eb42d56 -> 
========================================================================
Received Import Request.
  Time since last request: 31261.069035 seconds.
  path: Assets/蛋壳素材/界面UI/边框和其他/Arrow.png
  artifactKey: Guid(18c2491bece62cb4bac6a6800a9bb031) Importer(815301076,1909f56bfc062723c751e8b465ee728b)
Start importing Assets/蛋壳素材/界面UI/边框和其他/Arrow.png using Guid(18c2491bece62cb4bac6a6800a9bb031) Importer(815301076,1909f56bfc062723c751e8b465ee728b) [PhysX] Initialized MultithreadedTaskDispatcher with 20 workers.
[PhysX] Initialized MultithreadedTaskDispatcher with 20 workers.
 -> (artifact id: '1f201f049b1ada40624a5b08e3cf1122') in 0.069306 seconds
Number of updated asset objects reloaded before import = 0
Number of asset objects unloaded after import = 3
========================================================================
Received Import Request.
  Time since last request: 0.000028 seconds.
  path: Assets/蛋壳素材/界面UI/边框和其他/Trail_026.png
  artifactKey: Guid(89f461078a702f743896f5fa046ae0c7) Importer(815301076,1909f56bfc062723c751e8b465ee728b)
Start importing Assets/蛋壳素材/界面UI/边框和其他/Trail_026.png using Guid(89f461078a702f743896f5fa046ae0c7) Importer(815301076,1909f56bfc062723c751e8b465ee728b) [PhysX] Initialized MultithreadedTaskDispatcher with 20 workers.
[PhysX] Initialized MultithreadedTaskDispatcher with 20 workers.
 -> (artifact id: '9bb90f85c4d92b1ed61385d766d85d41') in 0.011345 seconds
Number of updated asset objects reloaded before import = 0
Number of asset objects unloaded after import = 3
========================================================================
Received Import Request.
  Time since last request: 0.000027 seconds.
  path: Assets/蛋壳素材/界面UI/边框和其他/TOP.png
  artifactKey: Guid(b8299b2e864f47841a23c8dafb03e984) Importer(815301076,1909f56bfc062723c751e8b465ee728b)
Start importing Assets/蛋壳素材/界面UI/边框和其他/TOP.png using Guid(b8299b2e864f47841a23c8dafb03e984) Importer(815301076,1909f56bfc062723c751e8b465ee728b) [PhysX] Initialized MultithreadedTaskDispatcher with 20 workers.
[PhysX] Initialized MultithreadedTaskDispatcher with 20 workers.
 -> (artifact id: '034034a1a850d629dfa82ac7b3f48d38') in 0.017588 seconds
Number of updated asset objects reloaded before import = 0
Number of asset objects unloaded after import = 3
========================================================================
Received Import Request.
  Time since last request: 0.000021 seconds.
  path: Assets/蛋壳素材/界面UI/边框和其他/Light_105.png
  artifactKey: Guid(21cb9a2044d4219458f6e24be4f860da) Importer(815301076,1909f56bfc062723c751e8b465ee728b)
Start importing Assets/蛋壳素材/界面UI/边框和其他/Light_105.png using Guid(21cb9a2044d4219458f6e24be4f860da) Importer(815301076,1909f56bfc062723c751e8b465ee728b) [PhysX] Initialized MultithreadedTaskDispatcher with 20 workers.
[PhysX] Initialized MultithreadedTaskDispatcher with 20 workers.
 -> (artifact id: 'd3480f18d4e7cb05c2ab02771787e0ea') in 0.012799 seconds
Number of updated asset objects reloaded before import = 0
Number of asset objects unloaded after import = 3
========================================================================
Received Import Request.
  Time since last request: 5.635671 seconds.
  path: Assets/蛋壳素材/界面UI/加载页面/Background.png
  artifactKey: Guid(6e885a1c48893f64bb9fb75c08b2482e) Importer(815301076,1909f56bfc062723c751e8b465ee728b)
Start importing Assets/蛋壳素材/界面UI/加载页面/Background.png using Guid(6e885a1c48893f64bb9fb75c08b2482e) Importer(815301076,1909f56bfc062723c751e8b465ee728b) [PhysX] Initialized MultithreadedTaskDispatcher with 20 workers.
[PhysX] Initialized MultithreadedTaskDispatcher with 20 workers.
 -> (artifact id: '6de31e5567c7a5a795829904ef199088') in 0.021285 seconds
Number of updated asset objects reloaded before import = 0
Number of asset objects unloaded after import = 3
========================================================================
Received Import Request.
  Time since last request: 139.848086 seconds.
  path: Assets/蛋壳素材/界面UI/装备系统ui/1.png
  artifactKey: Guid(c53bc94709602fb4da20dded7bc98a91) Importer(815301076,1909f56bfc062723c751e8b465ee728b)
Start importing Assets/蛋壳素材/界面UI/装备系统ui/1.png using Guid(c53bc94709602fb4da20dded7bc98a91) Importer(815301076,1909f56bfc062723c751e8b465ee728b) [PhysX] Initialized MultithreadedTaskDispatcher with 20 workers.
[PhysX] Initialized MultithreadedTaskDispatcher with 20 workers.
 -> (artifact id: 'ec68f249985088598ddff010a16af797') in 0.009783 seconds
Number of updated asset objects reloaded before import = 0
Number of asset objects unloaded after import = 3
========================================================================
Received Import Request.
  Time since last request: 0.003045 seconds.
  path: Assets/蛋壳素材/界面UI/装备系统ui/6.png
  artifactKey: Guid(624cfd5135e2075408bfe75d5d59c7eb) Importer(815301076,1909f56bfc062723c751e8b465ee728b)
Start importing Assets/蛋壳素材/界面UI/装备系统ui/6.png using Guid(624cfd5135e2075408bfe75d5d59c7eb) Importer(815301076,1909f56bfc062723c751e8b465ee728b) [PhysX] Initialized MultithreadedTaskDispatcher with 20 workers.
[PhysX] Initialized MultithreadedTaskDispatcher with 20 workers.
 -> (artifact id: '51e9346e14c8753f9aec47d3274dfe12') in 0.014491 seconds
Number of updated asset objects reloaded before import = 0
Number of asset objects unloaded after import = 3
========================================================================
Received Import Request.
  Time since last request: 0.000019 seconds.
  path: Assets/蛋壳素材/界面UI/装备系统ui/14.png
  artifactKey: Guid(4b79a4f688cbcd84ab803d4cb6c7fcb0) Importer(815301076,1909f56bfc062723c751e8b465ee728b)
Start importing Assets/蛋壳素材/界面UI/装备系统ui/14.png using Guid(4b79a4f688cbcd84ab803d4cb6c7fcb0) Importer(815301076,1909f56bfc062723c751e8b465ee728b) [PhysX] Initialized MultithreadedTaskDispatcher with 20 workers.
[PhysX] Initialized MultithreadedTaskDispatcher with 20 workers.
 -> (artifact id: 'e8da42026960ecdb4c1d826899036ef4') in 0.011240 seconds
Number of updated asset objects reloaded before import = 0
Number of asset objects unloaded after import = 3
========================================================================
Received Import Request.
  Time since last request: 0.000015 seconds.
  path: Assets/蛋壳素材/界面UI/装备系统ui/Thr.png
  artifactKey: Guid(6a229e50d8f98ae458a8554e414b671e) Importer(815301076,1909f56bfc062723c751e8b465ee728b)
Start importing Assets/蛋壳素材/界面UI/装备系统ui/Thr.png using Guid(6a229e50d8f98ae458a8554e414b671e) Importer(815301076,1909f56bfc062723c751e8b465ee728b) [PhysX] Initialized MultithreadedTaskDispatcher with 20 workers.
[PhysX] Initialized MultithreadedTaskDispatcher with 20 workers.
 -> (artifact id: '3a2d37bd3d0a2fb6464f26615b727d37') in 0.009602 seconds
Number of updated asset objects reloaded before import = 0
Number of asset objects unloaded after import = 3
========================================================================
Received Import Request.
  Time since last request: 0.000016 seconds.
  path: Assets/蛋壳素材/界面UI/装备系统ui/12.png
  artifactKey: Guid(a0e855a4789c20749885f21d8b90d498) Importer(815301076,1909f56bfc062723c751e8b465ee728b)
Start importing Assets/蛋壳素材/界面UI/装备系统ui/12.png using Guid(a0e855a4789c20749885f21d8b90d498) Importer(815301076,1909f56bfc062723c751e8b465ee728b) [PhysX] Initialized MultithreadedTaskDispatcher with 20 workers.
[PhysX] Initialized MultithreadedTaskDispatcher with 20 workers.
 -> (artifact id: 'e0d46f54a2bbcfbf55c3223361fe8402') in 0.009938 seconds
Number of updated asset objects reloaded before import = 0
Number of asset objects unloaded after import = 3
========================================================================
Received Import Request.
  Time since last request: 0.000053 seconds.
  path: Assets/蛋壳素材/界面UI/装备系统ui/Crosshair_Revolver.png
  artifactKey: Guid(bae9157d382676544a5094116ab200b2) Importer(815301076,1909f56bfc062723c751e8b465ee728b)
Start importing Assets/蛋壳素材/界面UI/装备系统ui/Crosshair_Revolver.png using Guid(bae9157d382676544a5094116ab200b2) Importer(815301076,1909f56bfc062723c751e8b465ee728b) [PhysX] Initialized MultithreadedTaskDispatcher with 20 workers.
[PhysX] Initialized MultithreadedTaskDispatcher with 20 workers.
 -> (artifact id: '16f747fcc56ded8d16b97a8ed4bb68fe') in 0.008693 seconds
Number of updated asset objects reloaded before import = 0
Number of asset objects unloaded after import = 3
========================================================================
Received Import Request.
  Time since last request: 0.000017 seconds.
  path: Assets/蛋壳素材/界面UI/装备系统ui/shuiyin.png
  artifactKey: Guid(bf0e68befce1c034aa7682b5c6e2e1f6) Importer(815301076,1909f56bfc062723c751e8b465ee728b)
Start importing Assets/蛋壳素材/界面UI/装备系统ui/shuiyin.png using Guid(bf0e68befce1c034aa7682b5c6e2e1f6) Importer(815301076,1909f56bfc062723c751e8b465ee728b) [PhysX] Initialized MultithreadedTaskDispatcher with 20 workers.
[PhysX] Initialized MultithreadedTaskDispatcher with 20 workers.
 -> (artifact id: 'dd23d0e4bd34636309690ee0b64755dc') in 0.008636 seconds
Number of updated asset objects reloaded before import = 0
Number of asset objects unloaded after import = 3
========================================================================
Received Import Request.
  Time since last request: 0.000017 seconds.
  path: Assets/蛋壳素材/界面UI/装备系统ui/11.png
  artifactKey: Guid(28a70310add0da54ba73980bed6e8f7c) Importer(815301076,1909f56bfc062723c751e8b465ee728b)
Start importing Assets/蛋壳素材/界面UI/装备系统ui/11.png using Guid(28a70310add0da54ba73980bed6e8f7c) Importer(815301076,1909f56bfc062723c751e8b465ee728b) [PhysX] Initialized MultithreadedTaskDispatcher with 20 workers.
[PhysX] Initialized MultithreadedTaskDispatcher with 20 workers.
 -> (artifact id: 'c7ae8afff11fbdd35233d0af3eca5355') in 0.012521 seconds
Number of updated asset objects reloaded before import = 0
Number of asset objects unloaded after import = 3
========================================================================
Received Import Request.
  Time since last request: 0.000018 seconds.
  path: Assets/蛋壳素材/界面UI/装备系统ui/13.png
  artifactKey: Guid(dd117b744f9194c4e914e4b42646fcb5) Importer(815301076,1909f56bfc062723c751e8b465ee728b)
Start importing Assets/蛋壳素材/界面UI/装备系统ui/13.png using Guid(dd117b744f9194c4e914e4b42646fcb5) Importer(815301076,1909f56bfc062723c751e8b465ee728b) [PhysX] Initialized MultithreadedTaskDispatcher with 20 workers.
[PhysX] Initialized MultithreadedTaskDispatcher with 20 workers.
 -> (artifact id: '3adb2da56663d478c1348eefbab13004') in 0.012300 seconds
Number of updated asset objects reloaded before import = 0
Number of asset objects unloaded after import = 3
========================================================================
Received Import Request.
  Time since last request: 0.000017 seconds.
  path: Assets/蛋壳素材/界面UI/装备系统ui/7.png
  artifactKey: Guid(3484680a9244b7c42ad976994fc54383) Importer(815301076,1909f56bfc062723c751e8b465ee728b)
Start importing Assets/蛋壳素材/界面UI/装备系统ui/7.png using Guid(3484680a9244b7c42ad976994fc54383) Importer(815301076,1909f56bfc062723c751e8b465ee728b) [PhysX] Initialized MultithreadedTaskDispatcher with 20 workers.
[PhysX] Initialized MultithreadedTaskDispatcher with 20 workers.
 -> (artifact id: '496e9edf25ef633c9a4bf4f8b9f03c26') in 0.014759 seconds
Number of updated asset objects reloaded before import = 0
Number of asset objects unloaded after import = 3
========================================================================
Received Import Request.
  Time since last request: 0.000029 seconds.
  path: Assets/蛋壳素材/界面UI/装备系统ui/5.png
  artifactKey: Guid(a2457fbff7843694cb9eb1a648a30ca0) Importer(815301076,1909f56bfc062723c751e8b465ee728b)
Start importing Assets/蛋壳素材/界面UI/装备系统ui/5.png using Guid(a2457fbff7843694cb9eb1a648a30ca0) Importer(815301076,1909f56bfc062723c751e8b465ee728b) [PhysX] Initialized MultithreadedTaskDispatcher with 20 workers.
[PhysX] Initialized MultithreadedTaskDispatcher with 20 workers.
 -> (artifact id: '648f41e1f1df253cfcfdf62f61e65a0d') in 0.011928 seconds
Number of updated asset objects reloaded before import = 0
Number of asset objects unloaded after import = 3
========================================================================
Received Import Request.
  Time since last request: 0.000018 seconds.
  path: Assets/蛋壳素材/界面UI/装备系统ui/Faces.png
  artifactKey: Guid(f9def87c1d402014da45b5bce541ff36) Importer(815301076,1909f56bfc062723c751e8b465ee728b)
Start importing Assets/蛋壳素材/界面UI/装备系统ui/Faces.png using Guid(f9def87c1d402014da45b5bce541ff36) Importer(815301076,1909f56bfc062723c751e8b465ee728b) [PhysX] Initialized MultithreadedTaskDispatcher with 20 workers.
[PhysX] Initialized MultithreadedTaskDispatcher with 20 workers.
 -> (artifact id: '9f52af1a05618babd1cee4bc97490c36') in 0.010557 seconds
Number of updated asset objects reloaded before import = 0
Number of asset objects unloaded after import = 3
========================================================================
Received Import Request.
  Time since last request: 0.000018 seconds.
  path: Assets/蛋壳素材/界面UI/装备系统ui/number.png
  artifactKey: Guid(91ca21dfa52b03e4e9efff28e94a4a5e) Importer(815301076,1909f56bfc062723c751e8b465ee728b)
Start importing Assets/蛋壳素材/界面UI/装备系统ui/number.png using Guid(91ca21dfa52b03e4e9efff28e94a4a5e) Importer(815301076,1909f56bfc062723c751e8b465ee728b) [PhysX] Initialized MultithreadedTaskDispatcher with 20 workers.
[PhysX] Initialized MultithreadedTaskDispatcher with 20 workers.
 -> (artifact id: 'be41383ed5172ff2101a255b4eace96b') in 0.009074 seconds
Number of updated asset objects reloaded before import = 0
Number of asset objects unloaded after import = 3
