Using pre-set license
Built from '2022.3/china_unity/release~1' branch; Version is '2022.3.53f1c1 (f16e16b78e06) revision 15822358'; Using compiler version '192829333'; Build Type 'Release'
OS: 'Windows 11  (10.0.26100) 64bit CoreCountrySpecific' Language: 'zh' Physical Memory: 16068 MB
BatchMode: 1, IsHumanControllingUs: 0, StartBugReporterOnCrash: 0, Is64bit: 1, IsPro: 1

COMMAND LINE ARGUMENTS:
D:\UNITY\2022.3.53f1c1\Editor\Unity.exe
-adb2
-batchMode
-noUpm
-name
AssetImportWorker0
-projectPath
D:/实训/弹壳特攻队
-logFile
Logs/AssetImportWorker0.log
-srvPort
57339
Successfully changed project path to: D:/实训/弹壳特攻队
D:/实训/弹壳特攻队
[UnityMemory] Configuration Parameters - Can be set up in boot.config
    "memorysetup-bucket-allocator-granularity=16"
    "memorysetup-bucket-allocator-bucket-count=8"
    "memorysetup-bucket-allocator-block-size=33554432"
    "memorysetup-bucket-allocator-block-count=8"
    "memorysetup-main-allocator-block-size=16777216"
    "memorysetup-thread-allocator-block-size=16777216"
    "memorysetup-gfx-main-allocator-block-size=16777216"
    "memorysetup-gfx-thread-allocator-block-size=16777216"
    "memorysetup-cache-allocator-block-size=4194304"
    "memorysetup-typetree-allocator-block-size=2097152"
    "memorysetup-profiler-bucket-allocator-granularity=16"
    "memorysetup-profiler-bucket-allocator-bucket-count=8"
    "memorysetup-profiler-bucket-allocator-block-size=33554432"
    "memorysetup-profiler-bucket-allocator-block-count=8"
    "memorysetup-profiler-allocator-block-size=16777216"
    "memorysetup-profiler-editor-allocator-block-size=1048576"
    "memorysetup-temp-allocator-size-main=16777216"
    "memorysetup-job-temp-allocator-block-size=2097152"
    "memorysetup-job-temp-allocator-block-size-background=1048576"
    "memorysetup-job-temp-allocator-reduction-small-platforms=262144"
    "memorysetup-allocator-temp-initial-block-size-main=262144"
    "memorysetup-allocator-temp-initial-block-size-worker=262144"
    "memorysetup-temp-allocator-size-background-worker=32768"
    "memorysetup-temp-allocator-size-job-worker=262144"
    "memorysetup-temp-allocator-size-preload-manager=33554432"
    "memorysetup-temp-allocator-size-nav-mesh-worker=65536"
    "memorysetup-temp-allocator-size-audio-worker=65536"
    "memorysetup-temp-allocator-size-cloud-worker=32768"
    "memorysetup-temp-allocator-size-gi-baking-worker=262144"
    "memorysetup-temp-allocator-size-gfx=262144"
Player connection [3292]  Target information:

Player connection [3292]  * "[IP] 172.19.208.1 [Port] 0 [Flags] 2 [Guid] 918725542 [EditorId] 918725542 [Version] 1048832 [Id] WindowsEditor(7,DESKTOP-16GH1L0) [Debug] 1 [PackageName] WindowsEditor [ProjectName] Editor" 

Player connection [3292]  * "[IP] 192.168.29.14 [Port] 0 [Flags] 2 [Guid] 918725542 [EditorId] 918725542 [Version] 1048832 [Id] WindowsEditor(7,DESKTOP-16GH1L0) [Debug] 1 [PackageName] WindowsEditor [ProjectName] Editor" 

Player connection [3292] Host joined multi-casting on [225.0.0.222:54997]...
Player connection [3292] Host joined alternative multi-casting on [225.0.0.222:34997]...
[PhysX] Initialized MultithreadedTaskDispatcher with 20 workers.
Refreshing native plugins compatible for Editor in 47.45 ms, found 4 plugins.
Preloading 0 native plugins for Editor in 0.00 ms.
Initialize engine version: 2022.3.53f1c1 (f16e16b78e06)
[Subsystems] Discovering subsystems at path D:/UNITY/2022.3.53f1c1/Editor/Data/Resources/UnitySubsystems
[Subsystems] Discovering subsystems at path D:/实训/弹壳特攻队/Assets
GfxDevice: creating device client; threaded=0; jobified=0
Direct3D:
    Version:  Direct3D 11.0 [level 11.1]
    Renderer: NVIDIA GeForce RTX 4060 Laptop GPU (ID=0x28e0)
    Vendor:   NVIDIA
    VRAM:     7957 MB
    Driver:   32.0.15.6103
Initialize mono
Mono path[0] = 'D:/UNITY/2022.3.53f1c1/Editor/Data/Managed'
Mono path[1] = 'D:/UNITY/2022.3.53f1c1/Editor/Data/MonoBleedingEdge/lib/mono/unityjit-win32'
Mono config path = 'D:/UNITY/2022.3.53f1c1/Editor/Data/MonoBleedingEdge/etc'
Using monoOptions --debugger-agent=transport=dt_socket,embedding=1,server=y,suspend=n,address=127.0.0.1:56584
Begin MonoManager ReloadAssembly
Registering precompiled unity dll's ...
Register platform support module: D:/UNITY/2022.3.53f1c1/Editor/Data/PlaybackEngines/AndroidPlayer/UnityEditor.Android.Extensions.dll
Register platform support module: D:/UNITY/2022.3.53f1c1/Editor/Data/PlaybackEngines/WindowsStandaloneSupport/UnityEditor.WindowsStandalone.Extensions.dll
Registered in 0.023571 seconds.
- Loaded All Assemblies, in  0.494 seconds
Native extension for WindowsStandalone target not found
Native extension for Android target not found
Android Extension - Scanning For ADB Devices 2297 ms
Mono: successfully reloaded assembly
- Finished resetting the current domain, in  2.662 seconds
Domain Reload Profiling: 3151ms
	BeginReloadAssembly (181ms)
		ExecutionOrderSort (0ms)
		DisableScriptedObjects (0ms)
		BackupInstance (0ms)
		ReleaseScriptingObjects (0ms)
		CreateAndSetChildDomain (1ms)
	RebuildCommonClasses (35ms)
	RebuildNativeTypeToScriptingClass (15ms)
	initialDomainReloadingComplete (90ms)
	LoadAllAssembliesAndSetupDomain (168ms)
		LoadAssemblies (178ms)
		RebuildTransferFunctionScriptingTraits (0ms)
		AnalyzeDomain (166ms)
			TypeCache.Refresh (163ms)
				TypeCache.ScanAssembly (147ms)
			ScanForSourceGeneratedMonoScriptInfo (0ms)
			ResolveRequiredComponents (1ms)
	FinalizeReload (2662ms)
		ReleaseScriptCaches (0ms)
		RebuildScriptCaches (0ms)
		SetupLoadedEditorAssemblies (2610ms)
			LogAssemblyErrors (0ms)
			InitializePlatformSupportModulesInManaged (2406ms)
			SetLoadedEditorAssemblies (4ms)
			RefreshPlugins (0ms)
			BeforeProcessingInitializeOnLoad (2ms)
			ProcessInitializeOnLoadAttributes (137ms)
			ProcessInitializeOnLoadMethodAttributes (60ms)
			AfterProcessingInitializeOnLoad (0ms)
			EditorAssembliesLoaded (0ms)
		ExecutionOrderSort2 (0ms)
		AwakeInstancesAfterBackupRestoration (0ms)
========================================================================
Worker process is ready to serve import requests
Caller must complete domain reload
Begin MonoManager ReloadAssembly
- Loaded All Assemblies, in  0.883 seconds
Native extension for WindowsStandalone target not found
Native extension for Android target not found
Mono: successfully reloaded assembly
- Finished resetting the current domain, in  0.749 seconds
Domain Reload Profiling: 1622ms
	BeginReloadAssembly (173ms)
		ExecutionOrderSort (0ms)
		DisableScriptedObjects (9ms)
		BackupInstance (0ms)
		ReleaseScriptingObjects (0ms)
		CreateAndSetChildDomain (23ms)
	RebuildCommonClasses (44ms)
	RebuildNativeTypeToScriptingClass (17ms)
	initialDomainReloadingComplete (51ms)
	LoadAllAssembliesAndSetupDomain (587ms)
		LoadAssemblies (467ms)
		RebuildTransferFunctionScriptingTraits (0ms)
		AnalyzeDomain (214ms)
			TypeCache.Refresh (178ms)
				TypeCache.ScanAssembly (164ms)
			ScanForSourceGeneratedMonoScriptInfo (24ms)
			ResolveRequiredComponents (10ms)
	FinalizeReload (749ms)
		ReleaseScriptCaches (0ms)
		RebuildScriptCaches (0ms)
		SetupLoadedEditorAssemblies (571ms)
			LogAssemblyErrors (0ms)
			InitializePlatformSupportModulesInManaged (21ms)
			SetLoadedEditorAssemblies (3ms)
			RefreshPlugins (0ms)
			BeforeProcessingInitializeOnLoad (77ms)
			ProcessInitializeOnLoadAttributes (419ms)
			ProcessInitializeOnLoadMethodAttributes (39ms)
			AfterProcessingInitializeOnLoad (12ms)
			EditorAssembliesLoaded (0ms)
		ExecutionOrderSort2 (0ms)
		AwakeInstancesAfterBackupRestoration (8ms)
Launched and connected shader compiler UnityShaderCompiler.exe after 0.25 seconds
Refreshing native plugins compatible for Editor in 9.55 ms, found 4 plugins.
Preloading 0 native plugins for Editor in 0.00 ms.
Unloading 4037 Unused Serialized files (Serialized files now loaded: 0)
Unloading 38 unused Assets / (241.8 KB). Loaded Objects now: 4502.
Memory consumption went from 148.5 MB to 148.3 MB.
Total: 4.638000 ms (FindLiveObjects: 0.416600 ms CreateObjectMapping: 0.166700 ms MarkObjects: 3.755600 ms  DeleteObjects: 0.297700 ms)

AssetImportParameters requested are different than current active one (requested -> active):
  custom:container-demuxer-ogg: 62fdf1f143b41e24485cea50d1cbac27 -> 
  custom:video-codec-MediaFoundation-h265: 746d11721c4dcdbdad8f713fa42b33f4 -> 
  custom:video-decoder-ogg-theora: a1e56fd34408186e4bbccfd4996cb3dc -> 
  custom:framework-win-MediaFoundation: 216162199b28c13a410421893ffa2e32 -> 
  custom:CustomObjectIndexerAttribute: 9a22284fe3817be447336de3de66b15e -> 
  custom:container-demuxer-webm: 4f35f7cbe854078d1ac9338744f61a02 -> 
  custom:container-muxer-webm: aa71ff27fc2769a1b78a27578f13a17b -> 
  custom:video-decoder-webm-vp8: 9c59270c3fd7afecdb556c50c9e8de78 -> 
  custom:SearchIndexIgnoredProperties: e643bd26f0fe6173181afceb89e7c659 -> 
  custom:AudioImporter_EditorPlatform: d09bf68614088b80899f8185d706f6e7 -> 
  custom:video-encoder-webm-vp8: eb34c28f22e8b96e1ab97ce403110664 -> 
  custom:audio-decoder-ogg-vorbis: bf7c407c2cedff20999df2af8eb42d56 -> 
  custom:audio-encoder-webm-vorbis: bf7c407c2cedff20999df2af8eb42d56 -> 
========================================================================
Received Import Request.
  Time since last request: 166980.985008 seconds.
  path: Assets/蛋壳素材/图片素材/背景地图
  artifactKey: Guid(26bcb85cf10ed844093d697ee030c087) Importer(815301076,1909f56bfc062723c751e8b465ee728b)
Start importing Assets/蛋壳素材/图片素材/背景地图 using Guid(26bcb85cf10ed844093d697ee030c087) Importer(815301076,1909f56bfc062723c751e8b465ee728b) [PhysX] Initialized MultithreadedTaskDispatcher with 20 workers.
 -> (artifact id: '8791218c39d7d3718aaec3909055a2cf') in 0.004305 seconds
Number of updated asset objects reloaded before import = 0
Number of asset objects unloaded after import = 0
========================================================================
Received Import Request.
  Time since last request: 0.000045 seconds.
  path: Assets/蛋壳素材/图片素材/主角.png
  artifactKey: Guid(f78fd8be5129f0b499c7a856dfb5411b) Importer(815301076,1909f56bfc062723c751e8b465ee728b)
Start importing Assets/蛋壳素材/图片素材/主角.png using Guid(f78fd8be5129f0b499c7a856dfb5411b) Importer(815301076,1909f56bfc062723c751e8b465ee728b) [PhysX] Initialized MultithreadedTaskDispatcher with 20 workers.
[PhysX] Initialized MultithreadedTaskDispatcher with 20 workers.
 -> (artifact id: '3114005c005d03485ff33f1b32912004') in 0.095388 seconds
Number of updated asset objects reloaded before import = 0
Number of asset objects unloaded after import = 3
========================================================================
Received Import Request.
  Time since last request: 0.155050 seconds.
  path: Assets/蛋壳素材/文字
  artifactKey: Guid(8ac90444132346d49a3e37476fa0ca39) Importer(815301076,1909f56bfc062723c751e8b465ee728b)
Start importing Assets/蛋壳素材/文字 using Guid(8ac90444132346d49a3e37476fa0ca39) Importer(815301076,1909f56bfc062723c751e8b465ee728b) [PhysX] Initialized MultithreadedTaskDispatcher with 20 workers.
 -> (artifact id: 'cc33821b3d7a9b791d84284bc524642b') in 0.000907 seconds
Number of updated asset objects reloaded before import = 0
Number of asset objects unloaded after import = 0
========================================================================
Received Import Request.
  Time since last request: 1.517754 seconds.
  path: Assets/蛋壳素材/源码-动画
  artifactKey: Guid(da5b88feddfd83944b7606fcb8b14a0d) Importer(815301076,1909f56bfc062723c751e8b465ee728b)
Start importing Assets/蛋壳素材/源码-动画 using Guid(da5b88feddfd83944b7606fcb8b14a0d) Importer(815301076,1909f56bfc062723c751e8b465ee728b) [PhysX] Initialized MultithreadedTaskDispatcher with 20 workers.
 -> (artifact id: '83170306d68b02d4656ff0dc834490f4') in 0.009042 seconds
Number of updated asset objects reloaded before import = 0
Number of asset objects unloaded after import = 0
========================================================================
Received Import Request.
  Time since last request: 1.669193 seconds.
  path: Assets/蛋壳素材/界面UI
  artifactKey: Guid(fc2a1bf884d16814ea53bd9d3b6e69e4) Importer(815301076,1909f56bfc062723c751e8b465ee728b)
Start importing Assets/蛋壳素材/界面UI using Guid(fc2a1bf884d16814ea53bd9d3b6e69e4) Importer(815301076,1909f56bfc062723c751e8b465ee728b) [PhysX] Initialized MultithreadedTaskDispatcher with 20 workers.
 -> (artifact id: '9651452ad5312d2f8b757bb8098f695d') in 0.009205 seconds
Number of updated asset objects reloaded before import = 0
Number of asset objects unloaded after import = 0
========================================================================
Received Import Request.
  Time since last request: 0.939566 seconds.
  path: Assets/蛋壳素材/界面UI/主体和交互ui
  artifactKey: Guid(5661a0ddfe8b37f46a227b84bcd69c06) Importer(815301076,1909f56bfc062723c751e8b465ee728b)
Start importing Assets/蛋壳素材/界面UI/主体和交互ui using Guid(5661a0ddfe8b37f46a227b84bcd69c06) Importer(815301076,1909f56bfc062723c751e8b465ee728b) [PhysX] Initialized MultithreadedTaskDispatcher with 20 workers.
 -> (artifact id: '4e676273904167a915462d92a8da3b00') in 0.000832 seconds
Number of updated asset objects reloaded before import = 0
Number of asset objects unloaded after import = 0
========================================================================
Received Import Request.
  Time since last request: 1.731895 seconds.
  path: Assets/蛋壳素材/界面UI/主体和交互ui/2.png
  artifactKey: Guid(7f366a966fc1dcb4191d13a5b9b27847) Importer(815301076,1909f56bfc062723c751e8b465ee728b)
Start importing Assets/蛋壳素材/界面UI/主体和交互ui/2.png using Guid(7f366a966fc1dcb4191d13a5b9b27847) Importer(815301076,1909f56bfc062723c751e8b465ee728b) [PhysX] Initialized MultithreadedTaskDispatcher with 20 workers.
[PhysX] Initialized MultithreadedTaskDispatcher with 20 workers.
 -> (artifact id: '26a8766d7a31e19eab8a7d7f417b6c77') in 0.015334 seconds
Number of updated asset objects reloaded before import = 0
Number of asset objects unloaded after import = 3
========================================================================
Received Import Request.
  Time since last request: 1.303827 seconds.
  path: Assets/蛋壳素材/界面UI/主体和交互ui/3.png
  artifactKey: Guid(196eb559c103d8946a8f52d0852b8f79) Importer(815301076,1909f56bfc062723c751e8b465ee728b)
Start importing Assets/蛋壳素材/界面UI/主体和交互ui/3.png using Guid(196eb559c103d8946a8f52d0852b8f79) Importer(815301076,1909f56bfc062723c751e8b465ee728b) [PhysX] Initialized MultithreadedTaskDispatcher with 20 workers.
[PhysX] Initialized MultithreadedTaskDispatcher with 20 workers.
 -> (artifact id: '6c2d4880ee0a7fd532ae5cbb6cb83534') in 0.019713 seconds
Number of updated asset objects reloaded before import = 0
Number of asset objects unloaded after import = 3
========================================================================
Received Import Request.
  Time since last request: 0.825960 seconds.
  path: Assets/蛋壳素材/界面UI/主体和交互ui/5.png
  artifactKey: Guid(b0a6298146b5acd429b7905d189a2343) Importer(815301076,1909f56bfc062723c751e8b465ee728b)
Start importing Assets/蛋壳素材/界面UI/主体和交互ui/5.png using Guid(b0a6298146b5acd429b7905d189a2343) Importer(815301076,1909f56bfc062723c751e8b465ee728b) [PhysX] Initialized MultithreadedTaskDispatcher with 20 workers.
[PhysX] Initialized MultithreadedTaskDispatcher with 20 workers.
 -> (artifact id: '3db4c1085d2d4397f4e0abb97d4c742c') in 0.009562 seconds
Number of updated asset objects reloaded before import = 0
Number of asset objects unloaded after import = 3
========================================================================
Received Import Request.
  Time since last request: 2.591558 seconds.
  path: Assets/蛋壳素材/界面UI/主体和交互ui/7.png
  artifactKey: Guid(aa05840f55dfeed4eb37f713cce29dae) Importer(815301076,1909f56bfc062723c751e8b465ee728b)
Start importing Assets/蛋壳素材/界面UI/主体和交互ui/7.png using Guid(aa05840f55dfeed4eb37f713cce29dae) Importer(815301076,1909f56bfc062723c751e8b465ee728b) [PhysX] Initialized MultithreadedTaskDispatcher with 20 workers.
[PhysX] Initialized MultithreadedTaskDispatcher with 20 workers.
 -> (artifact id: '62821e8101b91ee40299b228492abe9f') in 0.012088 seconds
Number of updated asset objects reloaded before import = 0
Number of asset objects unloaded after import = 3
========================================================================
Received Import Request.
  Time since last request: 0.897214 seconds.
  path: Assets/蛋壳素材/界面UI/主体和交互ui/9.png
  artifactKey: Guid(08646f6b22071574f80d4ac45244eaef) Importer(815301076,1909f56bfc062723c751e8b465ee728b)
Start importing Assets/蛋壳素材/界面UI/主体和交互ui/9.png using Guid(08646f6b22071574f80d4ac45244eaef) Importer(815301076,1909f56bfc062723c751e8b465ee728b) [PhysX] Initialized MultithreadedTaskDispatcher with 20 workers.
[PhysX] Initialized MultithreadedTaskDispatcher with 20 workers.
 -> (artifact id: 'ee6097ae3e6b919562647f115431d68e') in 0.013895 seconds
Number of updated asset objects reloaded before import = 0
Number of asset objects unloaded after import = 3
========================================================================
Received Import Request.
  Time since last request: 2.741874 seconds.
  path: Assets/蛋壳素材/界面UI/主体和交互ui/Color Fill 1.png
  artifactKey: Guid(1b7cde67a745a8f4f86f182224490bf5) Importer(815301076,1909f56bfc062723c751e8b465ee728b)
Start importing Assets/蛋壳素材/界面UI/主体和交互ui/Color Fill 1.png using Guid(1b7cde67a745a8f4f86f182224490bf5) Importer(815301076,1909f56bfc062723c751e8b465ee728b) [PhysX] Initialized MultithreadedTaskDispatcher with 20 workers.
[PhysX] Initialized MultithreadedTaskDispatcher with 20 workers.
 -> (artifact id: 'e21c52178785391f51027f5145ca85a8') in 0.010657 seconds
Number of updated asset objects reloaded before import = 0
Number of asset objects unloaded after import = 3
========================================================================
Received Import Request.
  Time since last request: 0.459156 seconds.
  path: Assets/蛋壳素材/界面UI/主体和交互ui/Color Fill 2.png
  artifactKey: Guid(fe10984d93d658b4abc71fd2ae2fd859) Importer(815301076,1909f56bfc062723c751e8b465ee728b)
Start importing Assets/蛋壳素材/界面UI/主体和交互ui/Color Fill 2.png using Guid(fe10984d93d658b4abc71fd2ae2fd859) Importer(815301076,1909f56bfc062723c751e8b465ee728b) [PhysX] Initialized MultithreadedTaskDispatcher with 20 workers.
[PhysX] Initialized MultithreadedTaskDispatcher with 20 workers.
 -> (artifact id: '60d720adf9ca5ad8ca2a854f944e1961') in 0.009723 seconds
Number of updated asset objects reloaded before import = 0
Number of asset objects unloaded after import = 3
========================================================================
Received Import Request.
  Time since last request: 1.279635 seconds.
  path: Assets/蛋壳素材/界面UI/主体和交互ui/Layer 4.png
  artifactKey: Guid(163ac67491eeab745b37733b2a4457c7) Importer(815301076,1909f56bfc062723c751e8b465ee728b)
Start importing Assets/蛋壳素材/界面UI/主体和交互ui/Layer 4.png using Guid(163ac67491eeab745b37733b2a4457c7) Importer(815301076,1909f56bfc062723c751e8b465ee728b) [PhysX] Initialized MultithreadedTaskDispatcher with 20 workers.
[PhysX] Initialized MultithreadedTaskDispatcher with 20 workers.
 -> (artifact id: 'aa7ba4ee276148b0d59b180c8b32e573') in 0.009334 seconds
Number of updated asset objects reloaded before import = 0
Number of asset objects unloaded after import = 3
========================================================================
Received Import Request.
  Time since last request: 0.582951 seconds.
  path: Assets/蛋壳素材/界面UI/主体和交互ui/Layer 2.png
  artifactKey: Guid(28f4e9540ccef744aae1526351b57635) Importer(815301076,1909f56bfc062723c751e8b465ee728b)
Start importing Assets/蛋壳素材/界面UI/主体和交互ui/Layer 2.png using Guid(28f4e9540ccef744aae1526351b57635) Importer(815301076,1909f56bfc062723c751e8b465ee728b) [PhysX] Initialized MultithreadedTaskDispatcher with 20 workers.
[PhysX] Initialized MultithreadedTaskDispatcher with 20 workers.
 -> (artifact id: '0a888b4609d1d0b41895ed502b91e1e7') in 0.010957 seconds
Number of updated asset objects reloaded before import = 0
Number of asset objects unloaded after import = 3
========================================================================
Received Import Request.
  Time since last request: 0.381682 seconds.
  path: Assets/蛋壳素材/界面UI/主体和交互ui/Color Fill 3.png
  artifactKey: Guid(cd9387372cfc50d4c9ff13bb6da2d055) Importer(815301076,1909f56bfc062723c751e8b465ee728b)
Start importing Assets/蛋壳素材/界面UI/主体和交互ui/Color Fill 3.png using Guid(cd9387372cfc50d4c9ff13bb6da2d055) Importer(815301076,1909f56bfc062723c751e8b465ee728b) [PhysX] Initialized MultithreadedTaskDispatcher with 20 workers.
[PhysX] Initialized MultithreadedTaskDispatcher with 20 workers.
 -> (artifact id: '16551ebd17bc7ab675d2d9780192bf9a') in 0.008865 seconds
Number of updated asset objects reloaded before import = 0
Number of asset objects unloaded after import = 3
========================================================================
Received Import Request.
  Time since last request: 1.020153 seconds.
  path: Assets/蛋壳素材/界面UI/主体和交互ui/Aa.png
  artifactKey: Guid(ec426ad78a859674a877d01eec01f418) Importer(815301076,1909f56bfc062723c751e8b465ee728b)
Start importing Assets/蛋壳素材/界面UI/主体和交互ui/Aa.png using Guid(ec426ad78a859674a877d01eec01f418) Importer(815301076,1909f56bfc062723c751e8b465ee728b) [PhysX] Initialized MultithreadedTaskDispatcher with 20 workers.
[PhysX] Initialized MultithreadedTaskDispatcher with 20 workers.
 -> (artifact id: '0f9376ac9164067f6720231ac868ec73') in 0.013395 seconds
Number of updated asset objects reloaded before import = 0
Number of asset objects unloaded after import = 3
========================================================================
Received Import Request.
  Time since last request: 0.456965 seconds.
  path: Assets/蛋壳素材/界面UI/主体和交互ui/8.png
  artifactKey: Guid(0f71b407fca62d342a99a2bb27468032) Importer(815301076,1909f56bfc062723c751e8b465ee728b)
Start importing Assets/蛋壳素材/界面UI/主体和交互ui/8.png using Guid(0f71b407fca62d342a99a2bb27468032) Importer(815301076,1909f56bfc062723c751e8b465ee728b) [PhysX] Initialized MultithreadedTaskDispatcher with 20 workers.
[PhysX] Initialized MultithreadedTaskDispatcher with 20 workers.
 -> (artifact id: 'b9a409a951f62378c158bcae7e35c55e') in 0.010209 seconds
Number of updated asset objects reloaded before import = 0
Number of asset objects unloaded after import = 3
========================================================================
Received Import Request.
  Time since last request: 2.133025 seconds.
  path: Assets/蛋壳素材/界面UI/主体和交互ui/Layer 6.png
  artifactKey: Guid(ed4823a1aaa1a62488564e1f62c43fae) Importer(815301076,1909f56bfc062723c751e8b465ee728b)
Start importing Assets/蛋壳素材/界面UI/主体和交互ui/Layer 6.png using Guid(ed4823a1aaa1a62488564e1f62c43fae) Importer(815301076,1909f56bfc062723c751e8b465ee728b) [PhysX] Initialized MultithreadedTaskDispatcher with 20 workers.
[PhysX] Initialized MultithreadedTaskDispatcher with 20 workers.
 -> (artifact id: '073895d7c99bd1eccf923399003d9b4d') in 0.010202 seconds
Number of updated asset objects reloaded before import = 0
Number of asset objects unloaded after import = 3
========================================================================
Received Import Request.
  Time since last request: 0.293530 seconds.
  path: Assets/蛋壳素材/界面UI/主体和交互ui/Locked.png
  artifactKey: Guid(50533b245e88dbc4e804c997d5f77258) Importer(815301076,1909f56bfc062723c751e8b465ee728b)
Start importing Assets/蛋壳素材/界面UI/主体和交互ui/Locked.png using Guid(50533b245e88dbc4e804c997d5f77258) Importer(815301076,1909f56bfc062723c751e8b465ee728b) [PhysX] Initialized MultithreadedTaskDispatcher with 20 workers.
[PhysX] Initialized MultithreadedTaskDispatcher with 20 workers.
 -> (artifact id: '56d5e952b5d0dbe72b152ac20d4d72d1') in 0.008160 seconds
Number of updated asset objects reloaded before import = 0
Number of asset objects unloaded after import = 3
========================================================================
Received Import Request.
  Time since last request: 0.286787 seconds.
  path: Assets/蛋壳素材/界面UI/主体和交互ui/Quite.png
  artifactKey: Guid(fc0890dd76a39704e882989b574a1006) Importer(815301076,1909f56bfc062723c751e8b465ee728b)
Start importing Assets/蛋壳素材/界面UI/主体和交互ui/Quite.png using Guid(fc0890dd76a39704e882989b574a1006) Importer(815301076,1909f56bfc062723c751e8b465ee728b) [PhysX] Initialized MultithreadedTaskDispatcher with 20 workers.
[PhysX] Initialized MultithreadedTaskDispatcher with 20 workers.
 -> (artifact id: '0d32a9c25478c759cb98f0a7c1ac9599') in 0.011045 seconds
Number of updated asset objects reloaded before import = 0
Number of asset objects unloaded after import = 3
========================================================================
Received Import Request.
  Time since last request: 0.534369 seconds.
  path: Assets/蛋壳素材/界面UI/主体和交互ui/Static.png
  artifactKey: Guid(9c2ba163d1369cd43b11efde04bd9e62) Importer(815301076,1909f56bfc062723c751e8b465ee728b)
Start importing Assets/蛋壳素材/界面UI/主体和交互ui/Static.png using Guid(9c2ba163d1369cd43b11efde04bd9e62) Importer(815301076,1909f56bfc062723c751e8b465ee728b) [PhysX] Initialized MultithreadedTaskDispatcher with 20 workers.
[PhysX] Initialized MultithreadedTaskDispatcher with 20 workers.
 -> (artifact id: '607a95ce8f8af4a837447996050148d2') in 0.015739 seconds
Number of updated asset objects reloaded before import = 0
Number of asset objects unloaded after import = 3
========================================================================
Received Import Request.
  Time since last request: 0.435969 seconds.
  path: Assets/蛋壳素材/界面UI/关卡图标
  artifactKey: Guid(5b5160ebd4bb5fc4f9fa49256951d1b4) Importer(815301076,1909f56bfc062723c751e8b465ee728b)
Start importing Assets/蛋壳素材/界面UI/关卡图标 using Guid(5b5160ebd4bb5fc4f9fa49256951d1b4) Importer(815301076,1909f56bfc062723c751e8b465ee728b) [PhysX] Initialized MultithreadedTaskDispatcher with 20 workers.
 -> (artifact id: '683cff0f3971b09d4a217e13b78d19c2') in 0.000795 seconds
Number of updated asset objects reloaded before import = 0
Number of asset objects unloaded after import = 0
========================================================================
Received Import Request.
  Time since last request: 0.557481 seconds.
  path: Assets/蛋壳素材/界面UI/主体和交互ui/UIProces.png
  artifactKey: Guid(aad47e897516a8c4bb7dec98e009de8a) Importer(815301076,1909f56bfc062723c751e8b465ee728b)
Start importing Assets/蛋壳素材/界面UI/主体和交互ui/UIProces.png using Guid(aad47e897516a8c4bb7dec98e009de8a) Importer(815301076,1909f56bfc062723c751e8b465ee728b) [PhysX] Initialized MultithreadedTaskDispatcher with 20 workers.
[PhysX] Initialized MultithreadedTaskDispatcher with 20 workers.
 -> (artifact id: '04fbaafb878cbfa67562e843f9c49544') in 0.009019 seconds
Number of updated asset objects reloaded before import = 0
Number of asset objects unloaded after import = 3
========================================================================
Received Import Request.
  Time since last request: 1.985799 seconds.
  path: Assets/蛋壳素材/界面UI/关卡图标/Color Fill 1.png
  artifactKey: Guid(e9c4214f34b279e4db600a91f07c7ea4) Importer(815301076,1909f56bfc062723c751e8b465ee728b)
Start importing Assets/蛋壳素材/界面UI/关卡图标/Color Fill 1.png using Guid(e9c4214f34b279e4db600a91f07c7ea4) Importer(815301076,1909f56bfc062723c751e8b465ee728b) [PhysX] Initialized MultithreadedTaskDispatcher with 20 workers.
[PhysX] Initialized MultithreadedTaskDispatcher with 20 workers.
 -> (artifact id: '355a082e097790c16a7dd4e6283c110e') in 0.018029 seconds
Number of updated asset objects reloaded before import = 0
Number of asset objects unloaded after import = 3
========================================================================
Received Import Request.
  Time since last request: 0.946923 seconds.
  path: Assets/蛋壳素材/界面UI/关卡图标/Mission_005.png
  artifactKey: Guid(bc71ed2d250bc0649bf7b740a332ccfa) Importer(815301076,1909f56bfc062723c751e8b465ee728b)
Start importing Assets/蛋壳素材/界面UI/关卡图标/Mission_005.png using Guid(bc71ed2d250bc0649bf7b740a332ccfa) Importer(815301076,1909f56bfc062723c751e8b465ee728b) [PhysX] Initialized MultithreadedTaskDispatcher with 20 workers.
[PhysX] Initialized MultithreadedTaskDispatcher with 20 workers.
 -> (artifact id: 'f6f0c86fca75a1195b5efd8a409aad18') in 0.010292 seconds
Number of updated asset objects reloaded before import = 0
Number of asset objects unloaded after import = 3
========================================================================
Received Import Request.
  Time since last request: 0.437211 seconds.
  path: Assets/蛋壳素材/界面UI/关卡图标/Mission_003.png
  artifactKey: Guid(a437eb7c78ed7ac49aaf41b2dba994d0) Importer(815301076,1909f56bfc062723c751e8b465ee728b)
Start importing Assets/蛋壳素材/界面UI/关卡图标/Mission_003.png using Guid(a437eb7c78ed7ac49aaf41b2dba994d0) Importer(815301076,1909f56bfc062723c751e8b465ee728b) [PhysX] Initialized MultithreadedTaskDispatcher with 20 workers.
[PhysX] Initialized MultithreadedTaskDispatcher with 20 workers.
 -> (artifact id: 'efc7f2a90f9bbc63a4320a12ab561c52') in 0.009635 seconds
Number of updated asset objects reloaded before import = 0
Number of asset objects unloaded after import = 3
========================================================================
Received Import Request.
  Time since last request: 0.278336 seconds.
  path: Assets/蛋壳素材/界面UI/关卡图标/Mission_001.png
  artifactKey: Guid(243bab319d2cd664fb389d6881f05656) Importer(815301076,1909f56bfc062723c751e8b465ee728b)
Start importing Assets/蛋壳素材/界面UI/关卡图标/Mission_001.png using Guid(243bab319d2cd664fb389d6881f05656) Importer(815301076,1909f56bfc062723c751e8b465ee728b) [PhysX] Initialized MultithreadedTaskDispatcher with 20 workers.
[PhysX] Initialized MultithreadedTaskDispatcher with 20 workers.
 -> (artifact id: 'c8433f7414d2d1cdca226de980e28e10') in 0.009633 seconds
Number of updated asset objects reloaded before import = 0
Number of asset objects unloaded after import = 3
========================================================================
Received Import Request.
  Time since last request: 0.294413 seconds.
  path: Assets/蛋壳素材/界面UI/关卡图标/Mission_008.png
  artifactKey: Guid(befe28150fd9cfc44893befb0ff2b536) Importer(815301076,1909f56bfc062723c751e8b465ee728b)
Start importing Assets/蛋壳素材/界面UI/关卡图标/Mission_008.png using Guid(befe28150fd9cfc44893befb0ff2b536) Importer(815301076,1909f56bfc062723c751e8b465ee728b) [PhysX] Initialized MultithreadedTaskDispatcher with 20 workers.
[PhysX] Initialized MultithreadedTaskDispatcher with 20 workers.
 -> (artifact id: '6cb90beadcaa38451059542eec3fb605') in 0.009941 seconds
Number of updated asset objects reloaded before import = 0
Number of asset objects unloaded after import = 3
========================================================================
Received Import Request.
  Time since last request: 0.297034 seconds.
  path: Assets/蛋壳素材/界面UI/关卡图标/Mission_010.png
  artifactKey: Guid(682494680acc7c4418f663eb439addb6) Importer(815301076,1909f56bfc062723c751e8b465ee728b)
Start importing Assets/蛋壳素材/界面UI/关卡图标/Mission_010.png using Guid(682494680acc7c4418f663eb439addb6) Importer(815301076,1909f56bfc062723c751e8b465ee728b) [PhysX] Initialized MultithreadedTaskDispatcher with 20 workers.
[PhysX] Initialized MultithreadedTaskDispatcher with 20 workers.
 -> (artifact id: 'e995de6189e009393036016da0b92b01') in 0.007982 seconds
Number of updated asset objects reloaded before import = 0
Number of asset objects unloaded after import = 3
========================================================================
Received Import Request.
  Time since last request: 0.856139 seconds.
  path: Assets/蛋壳素材/界面UI/关卡图标/Mission_024.png
  artifactKey: Guid(fc0c7007f5100794f80f538e26a9460c) Importer(815301076,1909f56bfc062723c751e8b465ee728b)
Start importing Assets/蛋壳素材/界面UI/关卡图标/Mission_024.png using Guid(fc0c7007f5100794f80f538e26a9460c) Importer(815301076,1909f56bfc062723c751e8b465ee728b) [PhysX] Initialized MultithreadedTaskDispatcher with 20 workers.
[PhysX] Initialized MultithreadedTaskDispatcher with 20 workers.
 -> (artifact id: 'da2064d3796ce2f0c213a9487b010543') in 0.010095 seconds
Number of updated asset objects reloaded before import = 0
Number of asset objects unloaded after import = 3
========================================================================
Received Import Request.
  Time since last request: 0.356914 seconds.
  path: Assets/蛋壳素材/界面UI/关卡图标/Mission_021.png
  artifactKey: Guid(3ceab1d1f4c7ace43a3654c4346328d3) Importer(815301076,1909f56bfc062723c751e8b465ee728b)
Start importing Assets/蛋壳素材/界面UI/关卡图标/Mission_021.png using Guid(3ceab1d1f4c7ace43a3654c4346328d3) Importer(815301076,1909f56bfc062723c751e8b465ee728b) [PhysX] Initialized MultithreadedTaskDispatcher with 20 workers.
[PhysX] Initialized MultithreadedTaskDispatcher with 20 workers.
 -> (artifact id: 'a470a70642d78313fe110fbe9ee911be') in 0.010833 seconds
Number of updated asset objects reloaded before import = 0
Number of asset objects unloaded after import = 3
========================================================================
Received Import Request.
  Time since last request: 0.274056 seconds.
  path: Assets/蛋壳素材/界面UI/关卡图标/Mission_018.png
  artifactKey: Guid(427f0a9a2b15af2478be3fd829037599) Importer(815301076,1909f56bfc062723c751e8b465ee728b)
Start importing Assets/蛋壳素材/界面UI/关卡图标/Mission_018.png using Guid(427f0a9a2b15af2478be3fd829037599) Importer(815301076,1909f56bfc062723c751e8b465ee728b) [PhysX] Initialized MultithreadedTaskDispatcher with 20 workers.
[PhysX] Initialized MultithreadedTaskDispatcher with 20 workers.
 -> (artifact id: '1245cac7cb963a3d0a19e344b762955d') in 0.009366 seconds
Number of updated asset objects reloaded before import = 0
Number of asset objects unloaded after import = 3
========================================================================
Received Import Request.
  Time since last request: 0.250571 seconds.
  path: Assets/蛋壳素材/界面UI/关卡图标/Mission_014.png
  artifactKey: Guid(a6e08e790c1cc0f49a23662406b02e67) Importer(815301076,1909f56bfc062723c751e8b465ee728b)
Start importing Assets/蛋壳素材/界面UI/关卡图标/Mission_014.png using Guid(a6e08e790c1cc0f49a23662406b02e67) Importer(815301076,1909f56bfc062723c751e8b465ee728b) [PhysX] Initialized MultithreadedTaskDispatcher with 20 workers.
[PhysX] Initialized MultithreadedTaskDispatcher with 20 workers.
 -> (artifact id: '516773d75250f3494e2b2a2fbc238099') in 0.008634 seconds
Number of updated asset objects reloaded before import = 0
Number of asset objects unloaded after import = 3
========================================================================
Received Import Request.
  Time since last request: 0.248675 seconds.
  path: Assets/蛋壳素材/界面UI/关卡图标/Mission_012.png
  artifactKey: Guid(368bb88b80a82b24f9e0441ff6f788d3) Importer(815301076,1909f56bfc062723c751e8b465ee728b)
Start importing Assets/蛋壳素材/界面UI/关卡图标/Mission_012.png using Guid(368bb88b80a82b24f9e0441ff6f788d3) Importer(815301076,1909f56bfc062723c751e8b465ee728b) [PhysX] Initialized MultithreadedTaskDispatcher with 20 workers.
[PhysX] Initialized MultithreadedTaskDispatcher with 20 workers.
 -> (artifact id: '57767318af3826789498a5029de9c176') in 0.011712 seconds
Number of updated asset objects reloaded before import = 0
Number of asset objects unloaded after import = 3
========================================================================
Received Import Request.
  Time since last request: 0.311385 seconds.
  path: Assets/蛋壳素材/界面UI/关卡图标/Mission_020.png
  artifactKey: Guid(8d65b48adf801e045b44a7ff2b58a240) Importer(815301076,1909f56bfc062723c751e8b465ee728b)
Start importing Assets/蛋壳素材/界面UI/关卡图标/Mission_020.png using Guid(8d65b48adf801e045b44a7ff2b58a240) Importer(815301076,1909f56bfc062723c751e8b465ee728b) [PhysX] Initialized MultithreadedTaskDispatcher with 20 workers.
[PhysX] Initialized MultithreadedTaskDispatcher with 20 workers.
 -> (artifact id: '9282db59881b667d8fe6ab54d14975a2') in 0.007121 seconds
Number of updated asset objects reloaded before import = 0
Number of asset objects unloaded after import = 3
========================================================================
Received Import Request.
  Time since last request: 0.494963 seconds.
  path: Assets/蛋壳素材/界面UI/关卡图标/Mission_028.png
  artifactKey: Guid(60bafe55f5accf143a25f40b8366e18f) Importer(815301076,1909f56bfc062723c751e8b465ee728b)
Start importing Assets/蛋壳素材/界面UI/关卡图标/Mission_028.png using Guid(60bafe55f5accf143a25f40b8366e18f) Importer(815301076,1909f56bfc062723c751e8b465ee728b) [PhysX] Initialized MultithreadedTaskDispatcher with 20 workers.
[PhysX] Initialized MultithreadedTaskDispatcher with 20 workers.
 -> (artifact id: '5cd5c20eb3cfe1bf4657b2b358aa52fb') in 0.012410 seconds
Number of updated asset objects reloaded before import = 0
Number of asset objects unloaded after import = 3
========================================================================
Received Import Request.
  Time since last request: 0.706289 seconds.
  path: Assets/蛋壳素材/界面UI/关卡图标/Mission_040.png
  artifactKey: Guid(f552df103dc0cbc408bae9af49d2f78b) Importer(815301076,1909f56bfc062723c751e8b465ee728b)
Start importing Assets/蛋壳素材/界面UI/关卡图标/Mission_040.png using Guid(f552df103dc0cbc408bae9af49d2f78b) Importer(815301076,1909f56bfc062723c751e8b465ee728b) [PhysX] Initialized MultithreadedTaskDispatcher with 20 workers.
[PhysX] Initialized MultithreadedTaskDispatcher with 20 workers.
 -> (artifact id: 'b5f29953cc33ade9b43bf97fae571ae6') in 0.008413 seconds
Number of updated asset objects reloaded before import = 0
Number of asset objects unloaded after import = 3
========================================================================
Received Import Request.
  Time since last request: 0.303762 seconds.
  path: Assets/蛋壳素材/界面UI/关卡图标/Mission_036.png
  artifactKey: Guid(24a1d0371964cc945888fec7a11e0ff9) Importer(815301076,1909f56bfc062723c751e8b465ee728b)
Start importing Assets/蛋壳素材/界面UI/关卡图标/Mission_036.png using Guid(24a1d0371964cc945888fec7a11e0ff9) Importer(815301076,1909f56bfc062723c751e8b465ee728b) [PhysX] Initialized MultithreadedTaskDispatcher with 20 workers.
[PhysX] Initialized MultithreadedTaskDispatcher with 20 workers.
 -> (artifact id: 'f1cb347f80be1e9b0027bad107feab0f') in 0.009230 seconds
Number of updated asset objects reloaded before import = 0
Number of asset objects unloaded after import = 3
========================================================================
Received Import Request.
  Time since last request: 0.241595 seconds.
  path: Assets/蛋壳素材/界面UI/关卡图标/Mission_034.png
  artifactKey: Guid(af6cefc641a47f441a1a8764b686b6bf) Importer(815301076,1909f56bfc062723c751e8b465ee728b)
Start importing Assets/蛋壳素材/界面UI/关卡图标/Mission_034.png using Guid(af6cefc641a47f441a1a8764b686b6bf) Importer(815301076,1909f56bfc062723c751e8b465ee728b) [PhysX] Initialized MultithreadedTaskDispatcher with 20 workers.
[PhysX] Initialized MultithreadedTaskDispatcher with 20 workers.
 -> (artifact id: '41d3bf7d94be569a7c217d39661f558b') in 0.008211 seconds
Number of updated asset objects reloaded before import = 0
Number of asset objects unloaded after import = 3
========================================================================
Received Import Request.
  Time since last request: 0.248345 seconds.
  path: Assets/蛋壳素材/界面UI/关卡图标/Mission_030.png
  artifactKey: Guid(5655fba98fd108447a714d2f961d7c25) Importer(815301076,1909f56bfc062723c751e8b465ee728b)
Start importing Assets/蛋壳素材/界面UI/关卡图标/Mission_030.png using Guid(5655fba98fd108447a714d2f961d7c25) Importer(815301076,1909f56bfc062723c751e8b465ee728b) [PhysX] Initialized MultithreadedTaskDispatcher with 20 workers.
[PhysX] Initialized MultithreadedTaskDispatcher with 20 workers.
 -> (artifact id: '139da876fd7fdf6ded09dbc44bbbdbfc') in 0.010638 seconds
Number of updated asset objects reloaded before import = 0
Number of asset objects unloaded after import = 3
========================================================================
Received Import Request.
  Time since last request: 0.258290 seconds.
  path: Assets/蛋壳素材/界面UI/关卡图标/Mission_027.png
  artifactKey: Guid(1478724bc5ea7f5449b5e289504361f8) Importer(815301076,1909f56bfc062723c751e8b465ee728b)
Start importing Assets/蛋壳素材/界面UI/关卡图标/Mission_027.png using Guid(1478724bc5ea7f5449b5e289504361f8) Importer(815301076,1909f56bfc062723c751e8b465ee728b) [PhysX] Initialized MultithreadedTaskDispatcher with 20 workers.
[PhysX] Initialized MultithreadedTaskDispatcher with 20 workers.
 -> (artifact id: 'd82490a49fcd2fe6eb5ed74f0d9cefef') in 0.010566 seconds
Number of updated asset objects reloaded before import = 0
Number of asset objects unloaded after import = 3
========================================================================
Received Import Request.
  Time since last request: 1.130045 seconds.
  path: Assets/蛋壳素材/界面UI/加载页面
  artifactKey: Guid(c6da47d0177ce474390e0a71d0122c79) Importer(815301076,1909f56bfc062723c751e8b465ee728b)
Start importing Assets/蛋壳素材/界面UI/加载页面 using Guid(c6da47d0177ce474390e0a71d0122c79) Importer(815301076,1909f56bfc062723c751e8b465ee728b) [PhysX] Initialized MultithreadedTaskDispatcher with 20 workers.
 -> (artifact id: '64044a49175083973931fbceb5401364') in 0.000882 seconds
Number of updated asset objects reloaded before import = 0
Number of asset objects unloaded after import = 0
========================================================================
Received Import Request.
  Time since last request: 1.853808 seconds.
  path: Assets/蛋壳素材/界面UI/加载页面/Background.png
  artifactKey: Guid(6e885a1c48893f64bb9fb75c08b2482e) Importer(815301076,1909f56bfc062723c751e8b465ee728b)
Start importing Assets/蛋壳素材/界面UI/加载页面/Background.png using Guid(6e885a1c48893f64bb9fb75c08b2482e) Importer(815301076,1909f56bfc062723c751e8b465ee728b) [PhysX] Initialized MultithreadedTaskDispatcher with 20 workers.
[PhysX] Initialized MultithreadedTaskDispatcher with 20 workers.
 -> (artifact id: '2ff6bc0130bc9666c16bceb49f70d0ce') in 0.021200 seconds
Number of updated asset objects reloaded before import = 0
Number of asset objects unloaded after import = 3
========================================================================
Received Import Request.
  Time since last request: 0.467837 seconds.
  path: Assets/蛋壳素材/界面UI/加载页面/LoadingText.png
  artifactKey: Guid(9bbbddac3c37a3844b6e68f873387033) Importer(815301076,1909f56bfc062723c751e8b465ee728b)
Start importing Assets/蛋壳素材/界面UI/加载页面/LoadingText.png using Guid(9bbbddac3c37a3844b6e68f873387033) Importer(815301076,1909f56bfc062723c751e8b465ee728b) [PhysX] Initialized MultithreadedTaskDispatcher with 20 workers.
[PhysX] Initialized MultithreadedTaskDispatcher with 20 workers.
 -> (artifact id: 'b161a7203c13dcca949863aad12f22e1') in 0.007993 seconds
Number of updated asset objects reloaded before import = 0
Number of asset objects unloaded after import = 3
========================================================================
Received Import Request.
  Time since last request: 1.149113 seconds.
  path: Assets/蛋壳素材/界面UI/加载页面/Logo.png
  artifactKey: Guid(183cd81b81219af4389d8a9ae12127eb) Importer(815301076,1909f56bfc062723c751e8b465ee728b)
Start importing Assets/蛋壳素材/界面UI/加载页面/Logo.png using Guid(183cd81b81219af4389d8a9ae12127eb) Importer(815301076,1909f56bfc062723c751e8b465ee728b) [PhysX] Initialized MultithreadedTaskDispatcher with 20 workers.
[PhysX] Initialized MultithreadedTaskDispatcher with 20 workers.
 -> (artifact id: 'da1b8177aa82d38b5f94b1630077ae9f') in 0.009966 seconds
Number of updated asset objects reloaded before import = 0
Number of asset objects unloaded after import = 3
========================================================================
Received Import Request.
  Time since last request: 1.917226 seconds.
  path: Assets/蛋壳素材/界面UI/各类图标ui/武器ui
  artifactKey: Guid(0dbd38d928a5be04c8f317513e692e0d) Importer(815301076,1909f56bfc062723c751e8b465ee728b)
Start importing Assets/蛋壳素材/界面UI/各类图标ui/武器ui using Guid(0dbd38d928a5be04c8f317513e692e0d) Importer(815301076,1909f56bfc062723c751e8b465ee728b) [PhysX] Initialized MultithreadedTaskDispatcher with 20 workers.
 -> (artifact id: '129d27e6aa5e82772b6680f9051c5ea2') in 0.001136 seconds
Number of updated asset objects reloaded before import = 0
Number of asset objects unloaded after import = 0
========================================================================
Received Import Request.
  Time since last request: 1.100855 seconds.
  path: Assets/蛋壳素材/界面UI/各类图标ui/武器ui/banzhuan.png
  artifactKey: Guid(5040f70f4d04ed14e8adcfd7ee47da86) Importer(815301076,1909f56bfc062723c751e8b465ee728b)
Start importing Assets/蛋壳素材/界面UI/各类图标ui/武器ui/banzhuan.png using Guid(5040f70f4d04ed14e8adcfd7ee47da86) Importer(815301076,1909f56bfc062723c751e8b465ee728b) [PhysX] Initialized MultithreadedTaskDispatcher with 20 workers.
[PhysX] Initialized MultithreadedTaskDispatcher with 20 workers.
 -> (artifact id: 'aa07c3edec7d59d3f75903049a6292fb') in 0.012264 seconds
Number of updated asset objects reloaded before import = 0
Number of asset objects unloaded after import = 3
========================================================================
Received Import Request.
  Time since last request: 0.400331 seconds.
  path: Assets/蛋壳素材/界面UI/各类图标ui/武器ui/buqiang.png
  artifactKey: Guid(bfa09ceab42f57d429fd7102d96d8943) Importer(815301076,1909f56bfc062723c751e8b465ee728b)
Start importing Assets/蛋壳素材/界面UI/各类图标ui/武器ui/buqiang.png using Guid(bfa09ceab42f57d429fd7102d96d8943) Importer(815301076,1909f56bfc062723c751e8b465ee728b) [PhysX] Initialized MultithreadedTaskDispatcher with 20 workers.
[PhysX] Initialized MultithreadedTaskDispatcher with 20 workers.
 -> (artifact id: '119fc6d9003ce569b0d2f703928d4f16') in 0.008562 seconds
Number of updated asset objects reloaded before import = 0
Number of asset objects unloaded after import = 3
========================================================================
Received Import Request.
  Time since last request: 0.901619 seconds.
  path: Assets/蛋壳素材/界面UI/各类图标ui/武器ui/leidianfasheqi.png
  artifactKey: Guid(b74fa308b25a4bf4a8f0f1c324d9b5fb) Importer(815301076,1909f56bfc062723c751e8b465ee728b)
Start importing Assets/蛋壳素材/界面UI/各类图标ui/武器ui/leidianfasheqi.png using Guid(b74fa308b25a4bf4a8f0f1c324d9b5fb) Importer(815301076,1909f56bfc062723c751e8b465ee728b) [PhysX] Initialized MultithreadedTaskDispatcher with 20 workers.
[PhysX] Initialized MultithreadedTaskDispatcher with 20 workers.
 -> (artifact id: '320aee4b2633209ac4d6a73f45e681ff') in 0.008953 seconds
Number of updated asset objects reloaded before import = 0
Number of asset objects unloaded after import = 3
========================================================================
Received Import Request.
  Time since last request: 0.316349 seconds.
  path: Assets/蛋壳素材/界面UI/各类图标ui/武器ui/huojiandan.png
  artifactKey: Guid(9f946efb6ffd5454491163649a37f473) Importer(815301076,1909f56bfc062723c751e8b465ee728b)
Start importing Assets/蛋壳素材/界面UI/各类图标ui/武器ui/huojiandan.png using Guid(9f946efb6ffd5454491163649a37f473) Importer(815301076,1909f56bfc062723c751e8b465ee728b) [PhysX] Initialized MultithreadedTaskDispatcher with 20 workers.
[PhysX] Initialized MultithreadedTaskDispatcher with 20 workers.
 -> (artifact id: '5d50c2d875dd72f4c8ded648f4891bf2') in 0.008684 seconds
Number of updated asset objects reloaded before import = 0
Number of asset objects unloaded after import = 3
========================================================================
Received Import Request.
  Time since last request: 0.252780 seconds.
  path: Assets/蛋壳素材/界面UI/各类图标ui/武器ui/huixuanbiao.png
  artifactKey: Guid(1d9acf5ba61903e4697a7a39e2d6f4b8) Importer(815301076,1909f56bfc062723c751e8b465ee728b)
Start importing Assets/蛋壳素材/界面UI/各类图标ui/武器ui/huixuanbiao.png using Guid(1d9acf5ba61903e4697a7a39e2d6f4b8) Importer(815301076,1909f56bfc062723c751e8b465ee728b) [PhysX] Initialized MultithreadedTaskDispatcher with 20 workers.
[PhysX] Initialized MultithreadedTaskDispatcher with 20 workers.
 -> (artifact id: '46bd100f0b1a9c99ee20fed926d4eaf0') in 0.008093 seconds
Number of updated asset objects reloaded before import = 0
Number of asset objects unloaded after import = 3
========================================================================
Received Import Request.
  Time since last request: 0.257117 seconds.
  path: Assets/蛋壳素材/界面UI/各类图标ui/武器ui/hanweizhe.png
  artifactKey: Guid(ea72aba998218f84b906e08b2b216fb2) Importer(815301076,1909f56bfc062723c751e8b465ee728b)
Start importing Assets/蛋壳素材/界面UI/各类图标ui/武器ui/hanweizhe.png using Guid(ea72aba998218f84b906e08b2b216fb2) Importer(815301076,1909f56bfc062723c751e8b465ee728b) [PhysX] Initialized MultithreadedTaskDispatcher with 20 workers.
[PhysX] Initialized MultithreadedTaskDispatcher with 20 workers.
 -> (artifact id: '078cc22d5f33b0a2985d24d9a85f9b12') in 0.008509 seconds
Number of updated asset objects reloaded before import = 0
Number of asset objects unloaded after import = 3
========================================================================
Received Import Request.
  Time since last request: 0.694590 seconds.
  path: Assets/蛋壳素材/界面UI/各类图标ui/武器ui/shazuipao.png
  artifactKey: Guid(88a72a54b3f63ee479fba17173ce4c12) Importer(815301076,1909f56bfc062723c751e8b465ee728b)
Start importing Assets/蛋壳素材/界面UI/各类图标ui/武器ui/shazuipao.png using Guid(88a72a54b3f63ee479fba17173ce4c12) Importer(815301076,1909f56bfc062723c751e8b465ee728b) [PhysX] Initialized MultithreadedTaskDispatcher with 20 workers.
[PhysX] Initialized MultithreadedTaskDispatcher with 20 workers.
 -> (artifact id: 'ffa1bda64aa20e14e87332eb27c6baaa') in 0.007232 seconds
Number of updated asset objects reloaded before import = 0
Number of asset objects unloaded after import = 3
========================================================================
Received Import Request.
  Time since last request: 1.923715 seconds.
  path: Assets/蛋壳素材/界面UI/各类图标ui/被动技能ui/citie.png
  artifactKey: Guid(8170474bf2c678d4ea4c3c85e31fc720) Importer(815301076,1909f56bfc062723c751e8b465ee728b)
Start importing Assets/蛋壳素材/界面UI/各类图标ui/被动技能ui/citie.png using Guid(8170474bf2c678d4ea4c3c85e31fc720) Importer(815301076,1909f56bfc062723c751e8b465ee728b) [PhysX] Initialized MultithreadedTaskDispatcher with 20 workers.
[PhysX] Initialized MultithreadedTaskDispatcher with 20 workers.
 -> (artifact id: '1ffb861a5db3f3e482cc7dd8947426e5') in 0.009455 seconds
Number of updated asset objects reloaded before import = 0
Number of asset objects unloaded after import = 3
========================================================================
Received Import Request.
  Time since last request: 0.330633 seconds.
  path: Assets/蛋壳素材/界面UI/各类图标ui/被动技能ui/gaobaoranliao.png
  artifactKey: Guid(c4a108b7488c4ca4f96c0573a8f4cf5b) Importer(815301076,1909f56bfc062723c751e8b465ee728b)
Start importing Assets/蛋壳素材/界面UI/各类图标ui/被动技能ui/gaobaoranliao.png using Guid(c4a108b7488c4ca4f96c0573a8f4cf5b) Importer(815301076,1909f56bfc062723c751e8b465ee728b) [PhysX] Initialized MultithreadedTaskDispatcher with 20 workers.
[PhysX] Initialized MultithreadedTaskDispatcher with 20 workers.
 -> (artifact id: '14d1d8a6d02de2ddd84bde3c82bbd6a6') in 0.008270 seconds
Number of updated asset objects reloaded before import = 0
Number of asset objects unloaded after import = 3
========================================================================
Received Import Request.
  Time since last request: 0.251931 seconds.
  path: Assets/蛋壳素材/界面UI/各类图标ui/被动技能ui/gongnengyinliao.png
  artifactKey: Guid(cffd4f6730468e74d829bcc946820262) Importer(815301076,1909f56bfc062723c751e8b465ee728b)
Start importing Assets/蛋壳素材/界面UI/各类图标ui/被动技能ui/gongnengyinliao.png using Guid(cffd4f6730468e74d829bcc946820262) Importer(815301076,1909f56bfc062723c751e8b465ee728b) [PhysX] Initialized MultithreadedTaskDispatcher with 20 workers.
[PhysX] Initialized MultithreadedTaskDispatcher with 20 workers.
 -> (artifact id: '635ff716304a968edcdaa043eeab8179') in 0.011886 seconds
Number of updated asset objects reloaded before import = 0
Number of asset objects unloaded after import = 3
========================================================================
Received Import Request.
  Time since last request: 3.364224 seconds.
  path: Assets/蛋壳素材/界面UI/各类图标ui/被动技能ui/qianglidantou.png
  artifactKey: Guid(a4a163acda9a1b042981284e3fff9621) Importer(815301076,1909f56bfc062723c751e8b465ee728b)
Start importing Assets/蛋壳素材/界面UI/各类图标ui/被动技能ui/qianglidantou.png using Guid(a4a163acda9a1b042981284e3fff9621) Importer(815301076,1909f56bfc062723c751e8b465ee728b) [PhysX] Initialized MultithreadedTaskDispatcher with 20 workers.
[PhysX] Initialized MultithreadedTaskDispatcher with 20 workers.
 -> (artifact id: 'd3d36c64d573bbd1b2f51119d3bdbb0f') in 0.009233 seconds
Number of updated asset objects reloaded before import = 0
Number of asset objects unloaded after import = 3
========================================================================
Received Import Request.
  Time since last request: 0.413491 seconds.
  path: Assets/蛋壳素材/界面UI/各类图标ui/被动技能ui/manjijinbi.png
  artifactKey: Guid(3101574ab270c1b4fb2a77f0de3c2e2f) Importer(815301076,1909f56bfc062723c751e8b465ee728b)
Start importing Assets/蛋壳素材/界面UI/各类图标ui/被动技能ui/manjijinbi.png using Guid(3101574ab270c1b4fb2a77f0de3c2e2f) Importer(815301076,1909f56bfc062723c751e8b465ee728b) [PhysX] Initialized MultithreadedTaskDispatcher with 20 workers.
[PhysX] Initialized MultithreadedTaskDispatcher with 20 workers.
 -> (artifact id: 'c4a324161168250351aeed2f8f64bdad') in 0.006998 seconds
Number of updated asset objects reloaded before import = 0
Number of asset objects unloaded after import = 3
========================================================================
Received Import Request.
  Time since last request: 0.297465 seconds.
  path: Assets/蛋壳素材/界面UI/各类图标ui/被动技能ui/kaishijijinbi3.png
  artifactKey: Guid(c7bc626270789984cb3a4ab861e5516b) Importer(815301076,1909f56bfc062723c751e8b465ee728b)
Start importing Assets/蛋壳素材/界面UI/各类图标ui/被动技能ui/kaishijijinbi3.png using Guid(c7bc626270789984cb3a4ab861e5516b) Importer(815301076,1909f56bfc062723c751e8b465ee728b) [PhysX] Initialized MultithreadedTaskDispatcher with 20 workers.
[PhysX] Initialized MultithreadedTaskDispatcher with 20 workers.
 -> (artifact id: '4fea99498ce7ab83a77c6989941b3ad8') in 0.008705 seconds
Number of updated asset objects reloaded before import = 0
Number of asset objects unloaded after import = 3
========================================================================
Received Import Request.
  Time since last request: 0.278240 seconds.
  path: Assets/蛋壳素材/界面UI/各类图标ui/被动技能ui/kaishijijinbi1.png
  artifactKey: Guid(0ea5d0363c91d9d49aad95f4e653dd89) Importer(815301076,1909f56bfc062723c751e8b465ee728b)
Start importing Assets/蛋壳素材/界面UI/各类图标ui/被动技能ui/kaishijijinbi1.png using Guid(0ea5d0363c91d9d49aad95f4e653dd89) Importer(815301076,1909f56bfc062723c751e8b465ee728b) [PhysX] Initialized MultithreadedTaskDispatcher with 20 workers.
[PhysX] Initialized MultithreadedTaskDispatcher with 20 workers.
 -> (artifact id: '9d6629b61e627f7eac65cf3ecb7b620e') in 0.008967 seconds
Number of updated asset objects reloaded before import = 0
Number of asset objects unloaded after import = 3
========================================================================
Received Import Request.
  Time since last request: 0.264810 seconds.
  path: Assets/蛋壳素材/界面UI/各类图标ui/被动技能ui/kaijia.png
  artifactKey: Guid(f3c653c6e4e7cfb48b107a9797137f79) Importer(815301076,1909f56bfc062723c751e8b465ee728b)
Start importing Assets/蛋壳素材/界面UI/各类图标ui/被动技能ui/kaijia.png using Guid(f3c653c6e4e7cfb48b107a9797137f79) Importer(815301076,1909f56bfc062723c751e8b465ee728b) [PhysX] Initialized MultithreadedTaskDispatcher with 20 workers.
[PhysX] Initialized MultithreadedTaskDispatcher with 20 workers.
 -> (artifact id: '2cfb03c9defdd8de8e9b3695d8678324') in 0.007751 seconds
Number of updated asset objects reloaded before import = 0
Number of asset objects unloaded after import = 3
========================================================================
Received Import Request.
  Time since last request: 0.883115 seconds.
  path: Assets/蛋壳素材/界面UI/各类图标ui/被动技能ui/qiantiao.png
  artifactKey: Guid(6cc2cf47b6af45146b2548673d8108b1) Importer(815301076,1909f56bfc062723c751e8b465ee728b)
Start importing Assets/蛋壳素材/界面UI/各类图标ui/被动技能ui/qiantiao.png using Guid(6cc2cf47b6af45146b2548673d8108b1) Importer(815301076,1909f56bfc062723c751e8b465ee728b) [PhysX] Initialized MultithreadedTaskDispatcher with 20 workers.
[PhysX] Initialized MultithreadedTaskDispatcher with 20 workers.
 -> (artifact id: '1366006d0fa1b5a3c640e3e36e63dbc4') in 0.011313 seconds
Number of updated asset objects reloaded before import = 0
Number of asset objects unloaded after import = 3
========================================================================
Received Import Request.
  Time since last request: 0.305276 seconds.
  path: Assets/蛋壳素材/界面UI/各类图标ui/被动技能ui/zhanshuzhinan.png
  artifactKey: Guid(63fa019e08f035848a38e87a2c90a96f) Importer(815301076,1909f56bfc062723c751e8b465ee728b)
Start importing Assets/蛋壳素材/界面UI/各类图标ui/被动技能ui/zhanshuzhinan.png using Guid(63fa019e08f035848a38e87a2c90a96f) Importer(815301076,1909f56bfc062723c751e8b465ee728b) [PhysX] Initialized MultithreadedTaskDispatcher with 20 workers.
[PhysX] Initialized MultithreadedTaskDispatcher with 20 workers.
 -> (artifact id: '172801899669fd4da5e85959cb29810c') in 0.006856 seconds
Number of updated asset objects reloaded before import = 0
Number of asset objects unloaded after import = 3
========================================================================
Received Import Request.
  Time since last request: 1.590779 seconds.
  path: Assets/蛋壳素材/界面UI/各类图标ui/道具ui/Crown.png
  artifactKey: Guid(5be0be984bee8cb46be2738eadff6b48) Importer(815301076,1909f56bfc062723c751e8b465ee728b)
Start importing Assets/蛋壳素材/界面UI/各类图标ui/道具ui/Crown.png using Guid(5be0be984bee8cb46be2738eadff6b48) Importer(815301076,1909f56bfc062723c751e8b465ee728b) [PhysX] Initialized MultithreadedTaskDispatcher with 20 workers.
[PhysX] Initialized MultithreadedTaskDispatcher with 20 workers.
 -> (artifact id: 'a9bc7c18c8d31090810247fe13a5772f') in 0.009447 seconds
Number of updated asset objects reloaded before import = 0
Number of asset objects unloaded after import = 3
========================================================================
Received Import Request.
  Time since last request: 0.308486 seconds.
  path: Assets/蛋壳素材/界面UI/各类图标ui/道具ui/diban1-1.png
  artifactKey: Guid(4c2e4f77add5fac45bfc52f3d3731e8a) Importer(815301076,1909f56bfc062723c751e8b465ee728b)
Start importing Assets/蛋壳素材/界面UI/各类图标ui/道具ui/diban1-1.png using Guid(4c2e4f77add5fac45bfc52f3d3731e8a) Importer(815301076,1909f56bfc062723c751e8b465ee728b) [PhysX] Initialized MultithreadedTaskDispatcher with 20 workers.
[PhysX] Initialized MultithreadedTaskDispatcher with 20 workers.
 -> (artifact id: 'fa8cb48bd90e04a5aad65135640851a4') in 0.007776 seconds
Number of updated asset objects reloaded before import = 0
Number of asset objects unloaded after import = 3
========================================================================
Received Import Request.
  Time since last request: 0.234177 seconds.
  path: Assets/蛋壳素材/界面UI/各类图标ui/道具ui/diban2-1.png
  artifactKey: Guid(f75c6a584fbd15148b69380c92444f68) Importer(815301076,1909f56bfc062723c751e8b465ee728b)
Start importing Assets/蛋壳素材/界面UI/各类图标ui/道具ui/diban2-1.png using Guid(f75c6a584fbd15148b69380c92444f68) Importer(815301076,1909f56bfc062723c751e8b465ee728b) [PhysX] Initialized MultithreadedTaskDispatcher with 20 workers.
[PhysX] Initialized MultithreadedTaskDispatcher with 20 workers.
 -> (artifact id: 'd4e1eb91b63b1dc33df0c9de65613eba') in 0.008918 seconds
Number of updated asset objects reloaded before import = 0
Number of asset objects unloaded after import = 3
========================================================================
Received Import Request.
  Time since last request: 0.884617 seconds.
  path: Assets/蛋壳素材/界面UI/各类图标ui/道具ui/LoadingText.png
  artifactKey: Guid(d87be3b9aaa048a42a401c05662b97e6) Importer(815301076,1909f56bfc062723c751e8b465ee728b)
Start importing Assets/蛋壳素材/界面UI/各类图标ui/道具ui/LoadingText.png using Guid(d87be3b9aaa048a42a401c05662b97e6) Importer(815301076,1909f56bfc062723c751e8b465ee728b) [PhysX] Initialized MultithreadedTaskDispatcher with 20 workers.
[PhysX] Initialized MultithreadedTaskDispatcher with 20 workers.
 -> (artifact id: '4ef724ebd2ad9faf00fbbcf6770ba292') in 0.008826 seconds
Number of updated asset objects reloaded before import = 0
Number of asset objects unloaded after import = 3
========================================================================
Received Import Request.
  Time since last request: 0.548005 seconds.
  path: Assets/蛋壳素材/界面UI/各类图标ui/道具ui/numberFont.png
  artifactKey: Guid(9a80d5a4a1bde4442889b88811b815bc) Importer(815301076,1909f56bfc062723c751e8b465ee728b)
Start importing Assets/蛋壳素材/界面UI/各类图标ui/道具ui/numberFont.png using Guid(9a80d5a4a1bde4442889b88811b815bc) Importer(815301076,1909f56bfc062723c751e8b465ee728b) [PhysX] Initialized MultithreadedTaskDispatcher with 20 workers.
[PhysX] Initialized MultithreadedTaskDispatcher with 20 workers.
 -> (artifact id: '8f86151583e69dce34cc408c8afa2604') in 0.008217 seconds
Number of updated asset objects reloaded before import = 0
Number of asset objects unloaded after import = 3
========================================================================
Received Import Request.
  Time since last request: 0.554607 seconds.
  path: Assets/蛋壳素材/界面UI/各类图标ui/道具ui/TalentFlowLight.png
  artifactKey: Guid(a73b88a9ef63df84494d24cd2b66d0b5) Importer(815301076,1909f56bfc062723c751e8b465ee728b)
Start importing Assets/蛋壳素材/界面UI/各类图标ui/道具ui/TalentFlowLight.png using Guid(a73b88a9ef63df84494d24cd2b66d0b5) Importer(815301076,1909f56bfc062723c751e8b465ee728b) [PhysX] Initialized MultithreadedTaskDispatcher with 20 workers.
[PhysX] Initialized MultithreadedTaskDispatcher with 20 workers.
 -> (artifact id: '5a32b3796eba4cb93c68bcac7d6e7d40') in 0.007703 seconds
Number of updated asset objects reloaded before import = 0
Number of asset objects unloaded after import = 3
========================================================================
Received Import Request.
  Time since last request: 0.321921 seconds.
  path: Assets/蛋壳素材/界面UI/各类图标ui/道具ui/Meat.png
  artifactKey: Guid(2f8b3213873f81140b5daa75f66de4dc) Importer(815301076,1909f56bfc062723c751e8b465ee728b)
Start importing Assets/蛋壳素材/界面UI/各类图标ui/道具ui/Meat.png using Guid(2f8b3213873f81140b5daa75f66de4dc) Importer(815301076,1909f56bfc062723c751e8b465ee728b) [PhysX] Initialized MultithreadedTaskDispatcher with 20 workers.
[PhysX] Initialized MultithreadedTaskDispatcher with 20 workers.
 -> (artifact id: '4a9213786c93fc22ec5de62e5f3c5575') in 0.012407 seconds
Number of updated asset objects reloaded before import = 0
Number of asset objects unloaded after import = 3
========================================================================
Received Import Request.
  Time since last request: 0.315931 seconds.
  path: Assets/蛋壳素材/界面UI/各类图标ui/道具ui/FontCritBG.png
  artifactKey: Guid(185f34174c3e7124c8e4eb104e06db2d) Importer(815301076,1909f56bfc062723c751e8b465ee728b)
Start importing Assets/蛋壳素材/界面UI/各类图标ui/道具ui/FontCritBG.png using Guid(185f34174c3e7124c8e4eb104e06db2d) Importer(815301076,1909f56bfc062723c751e8b465ee728b) [PhysX] Initialized MultithreadedTaskDispatcher with 20 workers.
[PhysX] Initialized MultithreadedTaskDispatcher with 20 workers.
 -> (artifact id: '3cadbd0f6eb0c877ff96913dc0704bb5') in 0.008119 seconds
Number of updated asset objects reloaded before import = 0
Number of asset objects unloaded after import = 3
========================================================================
Received Import Request.
  Time since last request: 0.482319 seconds.
  path: Assets/蛋壳素材/界面UI/各类图标ui/道具ui/EXP 1.png
  artifactKey: Guid(e0c1306dba072c14e9945203a8637008) Importer(815301076,1909f56bfc062723c751e8b465ee728b)
Start importing Assets/蛋壳素材/界面UI/各类图标ui/道具ui/EXP 1.png using Guid(e0c1306dba072c14e9945203a8637008) Importer(815301076,1909f56bfc062723c751e8b465ee728b) [PhysX] Initialized MultithreadedTaskDispatcher with 20 workers.
[PhysX] Initialized MultithreadedTaskDispatcher with 20 workers.
 -> (artifact id: '7c5a92e9bd3408484f8bd6c05b6fa0c2') in 0.007739 seconds
Number of updated asset objects reloaded before import = 0
Number of asset objects unloaded after import = 3
========================================================================
Received Import Request.
  Time since last request: 1.351411 seconds.
  path: Assets/蛋壳素材/界面UI/各类图标ui/道具ui/diban2.png
  artifactKey: Guid(6fdba13a15d4b45468838ba2d2956c6b) Importer(815301076,1909f56bfc062723c751e8b465ee728b)
Start importing Assets/蛋壳素材/界面UI/各类图标ui/道具ui/diban2.png using Guid(6fdba13a15d4b45468838ba2d2956c6b) Importer(815301076,1909f56bfc062723c751e8b465ee728b) [PhysX] Initialized MultithreadedTaskDispatcher with 20 workers.
[PhysX] Initialized MultithreadedTaskDispatcher with 20 workers.
 -> (artifact id: '94cb631e660e9fe95459c4dc1751ed9b') in 0.006663 seconds
Number of updated asset objects reloaded before import = 0
Number of asset objects unloaded after import = 3
========================================================================
Received Import Request.
  Time since last request: 0.744681 seconds.
  path: Assets/蛋壳素材/界面UI/各类图标ui/道具ui/diban1.png
  artifactKey: Guid(0db0df224bcf2fc449d1b4960dba42a4) Importer(815301076,1909f56bfc062723c751e8b465ee728b)
Start importing Assets/蛋壳素材/界面UI/各类图标ui/道具ui/diban1.png using Guid(0db0df224bcf2fc449d1b4960dba42a4) Importer(815301076,1909f56bfc062723c751e8b465ee728b) [PhysX] Initialized MultithreadedTaskDispatcher with 20 workers.
[PhysX] Initialized MultithreadedTaskDispatcher with 20 workers.
 -> (artifact id: 'f6fe4c8cf5c28039f5d6d6da88f6727a') in 0.007589 seconds
Number of updated asset objects reloaded before import = 0
Number of asset objects unloaded after import = 3
========================================================================
Received Import Request.
  Time since last request: 4.409690 seconds.
  path: Assets/蛋壳素材/界面UI/各类图标ui/道具ui/TalentFlowLightTrans.png
  artifactKey: Guid(7b4b4df9883fb244681f7301a2585f23) Importer(815301076,1909f56bfc062723c751e8b465ee728b)
Start importing Assets/蛋壳素材/界面UI/各类图标ui/道具ui/TalentFlowLightTrans.png using Guid(7b4b4df9883fb244681f7301a2585f23) Importer(815301076,1909f56bfc062723c751e8b465ee728b) [PhysX] Initialized MultithreadedTaskDispatcher with 20 workers.
[PhysX] Initialized MultithreadedTaskDispatcher with 20 workers.
 -> (artifact id: 'd418a13dc2497e0f32feb95bf8f4fe79') in 0.009675 seconds
Number of updated asset objects reloaded before import = 0
Number of asset objects unloaded after import = 3
========================================================================
Received Import Request.
  Time since last request: 1.783639 seconds.
  path: Assets/蛋壳素材/界面UI/小型ui/Coins.png
  artifactKey: Guid(017bcb7b6fef25444935eb20f58810a6) Importer(815301076,1909f56bfc062723c751e8b465ee728b)
Start importing Assets/蛋壳素材/界面UI/小型ui/Coins.png using Guid(017bcb7b6fef25444935eb20f58810a6) Importer(815301076,1909f56bfc062723c751e8b465ee728b) [PhysX] Initialized MultithreadedTaskDispatcher with 20 workers.
[PhysX] Initialized MultithreadedTaskDispatcher with 20 workers.
 -> (artifact id: '73577db6cc357ac46d75f27ca58cce84') in 0.009174 seconds
Number of updated asset objects reloaded before import = 0
Number of asset objects unloaded after import = 3
========================================================================
Received Import Request.
  Time since last request: 1.180359 seconds.
  path: Assets/蛋壳素材/界面UI/小型ui/Flash_001.png
  artifactKey: Guid(ffd19b13d519ebc4cb8b82a56d90981a) Importer(815301076,1909f56bfc062723c751e8b465ee728b)
Start importing Assets/蛋壳素材/界面UI/小型ui/Flash_001.png using Guid(ffd19b13d519ebc4cb8b82a56d90981a) Importer(815301076,1909f56bfc062723c751e8b465ee728b) [PhysX] Initialized MultithreadedTaskDispatcher with 20 workers.
[PhysX] Initialized MultithreadedTaskDispatcher with 20 workers.
 -> (artifact id: '8c1fdb6bcba4fb03d57017ad72f11029') in 0.009001 seconds
Number of updated asset objects reloaded before import = 0
Number of asset objects unloaded after import = 3
========================================================================
Received Import Request.
  Time since last request: 0.364932 seconds.
  path: Assets/蛋壳素材/界面UI/小型ui/Layer 4.png
  artifactKey: Guid(cd3eec53af215de478f959471ee9863f) Importer(815301076,1909f56bfc062723c751e8b465ee728b)
Start importing Assets/蛋壳素材/界面UI/小型ui/Layer 4.png using Guid(cd3eec53af215de478f959471ee9863f) Importer(815301076,1909f56bfc062723c751e8b465ee728b) [PhysX] Initialized MultithreadedTaskDispatcher with 20 workers.
[PhysX] Initialized MultithreadedTaskDispatcher with 20 workers.
 -> (artifact id: '78e8fc593eb17719eb234f095a920302') in 0.009675 seconds
Number of updated asset objects reloaded before import = 0
Number of asset objects unloaded after import = 3
========================================================================
Received Import Request.
  Time since last request: 0.318535 seconds.
  path: Assets/蛋壳素材/界面UI/小型ui/Layer 6.png
  artifactKey: Guid(b36643d08b6dab342bd9da810defd611) Importer(815301076,1909f56bfc062723c751e8b465ee728b)
Start importing Assets/蛋壳素材/界面UI/小型ui/Layer 6.png using Guid(b36643d08b6dab342bd9da810defd611) Importer(815301076,1909f56bfc062723c751e8b465ee728b) [PhysX] Initialized MultithreadedTaskDispatcher with 20 workers.
[PhysX] Initialized MultithreadedTaskDispatcher with 20 workers.
 -> (artifact id: '38fca6aaafd4e473d7468cc3fd49a2b2') in 0.010409 seconds
Number of updated asset objects reloaded before import = 0
Number of asset objects unloaded after import = 3
========================================================================
Received Import Request.
  Time since last request: 0.595952 seconds.
  path: Assets/蛋壳素材/界面UI/小型ui/Layer 5.png
  artifactKey: Guid(e317989a1cbc6b440820fb534ae35ca8) Importer(815301076,1909f56bfc062723c751e8b465ee728b)
Start importing Assets/蛋壳素材/界面UI/小型ui/Layer 5.png using Guid(e317989a1cbc6b440820fb534ae35ca8) Importer(815301076,1909f56bfc062723c751e8b465ee728b) [PhysX] Initialized MultithreadedTaskDispatcher with 20 workers.
[PhysX] Initialized MultithreadedTaskDispatcher with 20 workers.
 -> (artifact id: '35901db095159f6f21a87148770bc430') in 0.007429 seconds
Number of updated asset objects reloaded before import = 0
Number of asset objects unloaded after import = 3
========================================================================
Received Import Request.
  Time since last request: 0.350114 seconds.
  path: Assets/蛋壳素材/界面UI/小型ui/Layer 3.png
  artifactKey: Guid(eabb359ba8a78614e8d691832349010f) Importer(815301076,1909f56bfc062723c751e8b465ee728b)
Start importing Assets/蛋壳素材/界面UI/小型ui/Layer 3.png using Guid(eabb359ba8a78614e8d691832349010f) Importer(815301076,1909f56bfc062723c751e8b465ee728b) [PhysX] Initialized MultithreadedTaskDispatcher with 20 workers.
[PhysX] Initialized MultithreadedTaskDispatcher with 20 workers.
 -> (artifact id: 'efd18b3d27fe5d2580c091096b8a9ae1') in 0.011613 seconds
Number of updated asset objects reloaded before import = 0
Number of asset objects unloaded after import = 3
========================================================================
Received Import Request.
  Time since last request: 1.961481 seconds.
  path: Assets/蛋壳素材/界面UI/小型ui/Layer 2.png
  artifactKey: Guid(432e12030d1af084f917be6434915e93) Importer(815301076,1909f56bfc062723c751e8b465ee728b)
Start importing Assets/蛋壳素材/界面UI/小型ui/Layer 2.png using Guid(432e12030d1af084f917be6434915e93) Importer(815301076,1909f56bfc062723c751e8b465ee728b) [PhysX] Initialized MultithreadedTaskDispatcher with 20 workers.
[PhysX] Initialized MultithreadedTaskDispatcher with 20 workers.
 -> (artifact id: 'bd8aa3106b59dafe94ba8b9316601123') in 0.008626 seconds
Number of updated asset objects reloaded before import = 0
Number of asset objects unloaded after import = 3
========================================================================
Received Import Request.
  Time since last request: 0.614721 seconds.
  path: Assets/蛋壳素材/界面UI/小型ui/Fill.png
  artifactKey: Guid(1f0c6388f41256c478006f3da10b0048) Importer(815301076,1909f56bfc062723c751e8b465ee728b)
Start importing Assets/蛋壳素材/界面UI/小型ui/Fill.png using Guid(1f0c6388f41256c478006f3da10b0048) Importer(815301076,1909f56bfc062723c751e8b465ee728b) [PhysX] Initialized MultithreadedTaskDispatcher with 20 workers.
[PhysX] Initialized MultithreadedTaskDispatcher with 20 workers.
 -> (artifact id: '5198ca4387f4165c28a56bd3900e8bab') in 0.008735 seconds
Number of updated asset objects reloaded before import = 0
Number of asset objects unloaded after import = 3
========================================================================
Received Import Request.
  Time since last request: 0.251416 seconds.
  path: Assets/蛋壳素材/界面UI/小型ui/Color Fill 2 copy.png
  artifactKey: Guid(39f8d846cc785e84d820fd80681a96e4) Importer(815301076,1909f56bfc062723c751e8b465ee728b)
Start importing Assets/蛋壳素材/界面UI/小型ui/Color Fill 2 copy.png using Guid(39f8d846cc785e84d820fd80681a96e4) Importer(815301076,1909f56bfc062723c751e8b465ee728b) [PhysX] Initialized MultithreadedTaskDispatcher with 20 workers.
[PhysX] Initialized MultithreadedTaskDispatcher with 20 workers.
 -> (artifact id: '8526a3f0a4c1501fd7b19746d6f294b4') in 0.007943 seconds
Number of updated asset objects reloaded before import = 0
Number of asset objects unloaded after import = 3
========================================================================
Received Import Request.
  Time since last request: 1.263180 seconds.
  path: Assets/蛋壳素材/界面UI/装备系统ui
  artifactKey: Guid(3b153dd2365d42c43b21ab4f2c8ac8b5) Importer(815301076,1909f56bfc062723c751e8b465ee728b)
Start importing Assets/蛋壳素材/界面UI/装备系统ui using Guid(3b153dd2365d42c43b21ab4f2c8ac8b5) Importer(815301076,1909f56bfc062723c751e8b465ee728b) [PhysX] Initialized MultithreadedTaskDispatcher with 20 workers.
 -> (artifact id: '5f9cd641c4078cd4cc148c068e917b20') in 0.000643 seconds
Number of updated asset objects reloaded before import = 0
Number of asset objects unloaded after import = 0
========================================================================
Received Import Request.
  Time since last request: 0.735954 seconds.
  path: Assets/蛋壳素材/界面UI/边框和其他
  artifactKey: Guid(88c333ce1e96b2e47bbe25a566fab3ec) Importer(815301076,1909f56bfc062723c751e8b465ee728b)
Start importing Assets/蛋壳素材/界面UI/边框和其他 using Guid(88c333ce1e96b2e47bbe25a566fab3ec) Importer(815301076,1909f56bfc062723c751e8b465ee728b) [PhysX] Initialized MultithreadedTaskDispatcher with 20 workers.
 -> (artifact id: 'a713aaf02d25aa9785ea257213ed93f1') in 0.001138 seconds
Number of updated asset objects reloaded before import = 0
Number of asset objects unloaded after import = 0
========================================================================
Received Import Request.
  Time since last request: 1.965542 seconds.
  path: Assets/蛋壳素材/界面UI/边框和其他/eff_shadow.png
  artifactKey: Guid(ac523487aa7db8d4f8da77054b5895e5) Importer(815301076,1909f56bfc062723c751e8b465ee728b)
Start importing Assets/蛋壳素材/界面UI/边框和其他/eff_shadow.png using Guid(ac523487aa7db8d4f8da77054b5895e5) Importer(815301076,1909f56bfc062723c751e8b465ee728b) [PhysX] Initialized MultithreadedTaskDispatcher with 20 workers.
[PhysX] Initialized MultithreadedTaskDispatcher with 20 workers.
 -> (artifact id: 'd98c2b25b371c086253a6d8a33910d95') in 0.010448 seconds
Number of updated asset objects reloaded before import = 0
Number of asset objects unloaded after import = 3
========================================================================
Received Import Request.
  Time since last request: 0.454427 seconds.
  path: Assets/蛋壳素材/界面UI/边框和其他/combie_entity.png
  artifactKey: Guid(055eb6c5ae8059a4b8374aa750cfa1a2) Importer(815301076,1909f56bfc062723c751e8b465ee728b)
Start importing Assets/蛋壳素材/界面UI/边框和其他/combie_entity.png using Guid(055eb6c5ae8059a4b8374aa750cfa1a2) Importer(815301076,1909f56bfc062723c751e8b465ee728b) [PhysX] Initialized MultithreadedTaskDispatcher with 20 workers.
[PhysX] Initialized MultithreadedTaskDispatcher with 20 workers.
 -> (artifact id: 'b7fae93b71c4458f44d4eb560bd06e91') in 0.021944 seconds
Number of updated asset objects reloaded before import = 0
Number of asset objects unloaded after import = 3
========================================================================
Received Import Request.
  Time since last request: 0.388549 seconds.
  path: Assets/蛋壳素材/界面UI/边框和其他/Arrow.png
  artifactKey: Guid(18c2491bece62cb4bac6a6800a9bb031) Importer(815301076,1909f56bfc062723c751e8b465ee728b)
Start importing Assets/蛋壳素材/界面UI/边框和其他/Arrow.png using Guid(18c2491bece62cb4bac6a6800a9bb031) Importer(815301076,1909f56bfc062723c751e8b465ee728b) [PhysX] Initialized MultithreadedTaskDispatcher with 20 workers.
[PhysX] Initialized MultithreadedTaskDispatcher with 20 workers.
 -> (artifact id: 'abd3c4b8afb0f49c9908cddff95913ae') in 0.010374 seconds
Number of updated asset objects reloaded before import = 0
Number of asset objects unloaded after import = 3
========================================================================
Received Import Request.
  Time since last request: 0.444825 seconds.
  path: Assets/蛋壳素材/界面UI/边框和其他/ef_glow_007.png
  artifactKey: Guid(02170116e9dbb084b9367e5a3a9a5c79) Importer(815301076,1909f56bfc062723c751e8b465ee728b)
Start importing Assets/蛋壳素材/界面UI/边框和其他/ef_glow_007.png using Guid(02170116e9dbb084b9367e5a3a9a5c79) Importer(815301076,1909f56bfc062723c751e8b465ee728b) [PhysX] Initialized MultithreadedTaskDispatcher with 20 workers.
[PhysX] Initialized MultithreadedTaskDispatcher with 20 workers.
 -> (artifact id: 'e88a0407dea7aaf0733e57e3af728d1c') in 0.013120 seconds
Number of updated asset objects reloaded before import = 0
Number of asset objects unloaded after import = 3
========================================================================
Received Import Request.
  Time since last request: 6.158585 seconds.
  path: Assets/蛋壳素材/界面UI/边框和其他/InStars.png
  artifactKey: Guid(7192e363204daed4982f146332095207) Importer(815301076,1909f56bfc062723c751e8b465ee728b)
Start importing Assets/蛋壳素材/界面UI/边框和其他/InStars.png using Guid(7192e363204daed4982f146332095207) Importer(815301076,1909f56bfc062723c751e8b465ee728b) [PhysX] Initialized MultithreadedTaskDispatcher with 20 workers.
[PhysX] Initialized MultithreadedTaskDispatcher with 20 workers.
 -> (artifact id: '178ee0c78164a08b80a4791a5935ea5e') in 0.008215 seconds
Number of updated asset objects reloaded before import = 0
Number of asset objects unloaded after import = 3
========================================================================
Received Import Request.
  Time since last request: 0.456228 seconds.
  path: Assets/蛋壳素材/界面UI/边框和其他/Joystick Container.png
  artifactKey: Guid(83457b29b9a7cf14a91b6eacbb6897af) Importer(815301076,1909f56bfc062723c751e8b465ee728b)
Start importing Assets/蛋壳素材/界面UI/边框和其他/Joystick Container.png using Guid(83457b29b9a7cf14a91b6eacbb6897af) Importer(815301076,1909f56bfc062723c751e8b465ee728b) [PhysX] Initialized MultithreadedTaskDispatcher with 20 workers.
[PhysX] Initialized MultithreadedTaskDispatcher with 20 workers.
 -> (artifact id: '42d57f24a8108204df8c600c04c5670f') in 0.008043 seconds
Number of updated asset objects reloaded before import = 0
Number of asset objects unloaded after import = 3
========================================================================
Received Import Request.
  Time since last request: 0.420641 seconds.
  path: Assets/蛋壳素材/界面UI/边框和其他/Layer 2.png
  artifactKey: Guid(b02fa030087b9814b99ebbd5b02733de) Importer(815301076,1909f56bfc062723c751e8b465ee728b)
Start importing Assets/蛋壳素材/界面UI/边框和其他/Layer 2.png using Guid(b02fa030087b9814b99ebbd5b02733de) Importer(815301076,1909f56bfc062723c751e8b465ee728b) [PhysX] Initialized MultithreadedTaskDispatcher with 20 workers.
[PhysX] Initialized MultithreadedTaskDispatcher with 20 workers.
 -> (artifact id: '0a440ae8d8f845056071dad863f82bf3') in 0.008896 seconds
Number of updated asset objects reloaded before import = 0
Number of asset objects unloaded after import = 3
========================================================================
Received Import Request.
  Time since last request: 0.416145 seconds.
  path: Assets/蛋壳素材/界面UI/边框和其他/Layer 5 copy.png
  artifactKey: Guid(d9a3804e7793bcf438235a1815765d83) Importer(815301076,1909f56bfc062723c751e8b465ee728b)
Start importing Assets/蛋壳素材/界面UI/边框和其他/Layer 5 copy.png using Guid(d9a3804e7793bcf438235a1815765d83) Importer(815301076,1909f56bfc062723c751e8b465ee728b) [PhysX] Initialized MultithreadedTaskDispatcher with 20 workers.
[PhysX] Initialized MultithreadedTaskDispatcher with 20 workers.
 -> (artifact id: '87325b8861c74767bed3b8272883f593') in 0.008273 seconds
Number of updated asset objects reloaded before import = 0
Number of asset objects unloaded after import = 3
========================================================================
Received Import Request.
  Time since last request: 0.337690 seconds.
  path: Assets/蛋壳素材/界面UI/边框和其他/Light_105.png
  artifactKey: Guid(21cb9a2044d4219458f6e24be4f860da) Importer(815301076,1909f56bfc062723c751e8b465ee728b)
Start importing Assets/蛋壳素材/界面UI/边框和其他/Light_105.png using Guid(21cb9a2044d4219458f6e24be4f860da) Importer(815301076,1909f56bfc062723c751e8b465ee728b) [PhysX] Initialized MultithreadedTaskDispatcher with 20 workers.
[PhysX] Initialized MultithreadedTaskDispatcher with 20 workers.
 -> (artifact id: '6491a5935f411e14562890b8d262f955') in 0.010264 seconds
Number of updated asset objects reloaded before import = 0
Number of asset objects unloaded after import = 3
========================================================================
Received Import Request.
  Time since last request: 0.997239 seconds.
  path: Assets/蛋壳素材/界面UI/边框和其他/Stars.png
  artifactKey: Guid(62a18a92beb13c6408472191d4b210ab) Importer(815301076,1909f56bfc062723c751e8b465ee728b)
Start importing Assets/蛋壳素材/界面UI/边框和其他/Stars.png using Guid(62a18a92beb13c6408472191d4b210ab) Importer(815301076,1909f56bfc062723c751e8b465ee728b) [PhysX] Initialized MultithreadedTaskDispatcher with 20 workers.
[PhysX] Initialized MultithreadedTaskDispatcher with 20 workers.
 -> (artifact id: '83a0c32a9f573bd5be2e715ee7d66fda') in 0.008411 seconds
Number of updated asset objects reloaded before import = 0
Number of asset objects unloaded after import = 3
========================================================================
Received Import Request.
  Time since last request: 0.471552 seconds.
  path: Assets/蛋壳素材/界面UI/边框和其他/Trail_026.png
  artifactKey: Guid(89f461078a702f743896f5fa046ae0c7) Importer(815301076,1909f56bfc062723c751e8b465ee728b)
Start importing Assets/蛋壳素材/界面UI/边框和其他/Trail_026.png using Guid(89f461078a702f743896f5fa046ae0c7) Importer(815301076,1909f56bfc062723c751e8b465ee728b) [PhysX] Initialized MultithreadedTaskDispatcher with 20 workers.
[PhysX] Initialized MultithreadedTaskDispatcher with 20 workers.
 -> (artifact id: '173ab50a895de5e1eae1dd6f8872ded7') in 0.008015 seconds
Number of updated asset objects reloaded before import = 0
Number of asset objects unloaded after import = 3
========================================================================
Received Import Request.
  Time since last request: 0.430654 seconds.
  path: Assets/蛋壳素材/界面UI/边框和其他/Xconter.png
  artifactKey: Guid(51a4fa65bd2b4a74cb31a128ddd0567b) Importer(815301076,1909f56bfc062723c751e8b465ee728b)
Start importing Assets/蛋壳素材/界面UI/边框和其他/Xconter.png using Guid(51a4fa65bd2b4a74cb31a128ddd0567b) Importer(815301076,1909f56bfc062723c751e8b465ee728b) [PhysX] Initialized MultithreadedTaskDispatcher with 20 workers.
[PhysX] Initialized MultithreadedTaskDispatcher with 20 workers.
 -> (artifact id: '5d1f0b7d08e77780a35f9b002ccd6fec') in 0.007536 seconds
Number of updated asset objects reloaded before import = 0
Number of asset objects unloaded after import = 3
========================================================================
Received Import Request.
  Time since last request: 0.463541 seconds.
  path: Assets/蛋壳素材/界面UI/边框和其他/Square.png
  artifactKey: Guid(21c7eb0cd4e1fdd4b80bbf70992c97ff) Importer(815301076,1909f56bfc062723c751e8b465ee728b)
Start importing Assets/蛋壳素材/界面UI/边框和其他/Square.png using Guid(21c7eb0cd4e1fdd4b80bbf70992c97ff) Importer(815301076,1909f56bfc062723c751e8b465ee728b) [PhysX] Initialized MultithreadedTaskDispatcher with 20 workers.
[PhysX] Initialized MultithreadedTaskDispatcher with 20 workers.
 -> (artifact id: '1130a4f829e8b83cd9b2ed25af1eb3d7') in 0.006774 seconds
Number of updated asset objects reloaded before import = 0
Number of asset objects unloaded after import = 3
